{"D:\\cost-accounting\\lib\\audit.ts": {"path":"D:\\cost-accounting\\lib\\audit.ts","all":false,"statementMap":{"8":{"start":{"line":9,"column":0},"end":{"line":9,"column":31}},"9":{"start":{"line":10,"column":0},"end":{"line":10,"column":23}},"10":{"start":{"line":11,"column":0},"end":{"line":11,"column":16}},"11":{"start":{"line":12,"column":0},"end":{"line":12,"column":41}},"12":{"start":{"line":13,"column":0},"end":{"line":13,"column":19}},"13":{"start":{"line":14,"column":0},"end":{"line":14,"column":18}},"14":{"start":{"line":15,"column":0},"end":{"line":15,"column":17}},"15":{"start":{"line":16,"column":0},"end":{"line":16,"column":26}},"16":{"start":{"line":17,"column":0},"end":{"line":17,"column":18}},"17":{"start":{"line":18,"column":0},"end":{"line":18,"column":7}},"18":{"start":{"line":19,"column":0},"end":{"line":19,"column":34}},"19":{"start":{"line":20,"column":0},"end":{"line":20,"column":13}},"20":{"start":{"line":21,"column":0},"end":{"line":21,"column":26}},"21":{"start":{"line":22,"column":0},"end":{"line":22,"column":27}},"22":{"start":{"line":23,"column":0},"end":{"line":23,"column":15}},"23":{"start":{"line":24,"column":0},"end":{"line":24,"column":36}},"24":{"start":{"line":25,"column":0},"end":{"line":25,"column":34}},"25":{"start":{"line":26,"column":0},"end":{"line":26,"column":21}},"26":{"start":{"line":27,"column":0},"end":{"line":27,"column":8}},"27":{"start":{"line":28,"column":0},"end":{"line":28,"column":6}},"28":{"start":{"line":29,"column":0},"end":{"line":29,"column":11}},"30":{"start":{"line":31,"column":0},"end":{"line":31,"column":3}},"31":{"start":{"line":32,"column":0},"end":{"line":32,"column":1}}},"s":{"8":9,"9":9,"10":9,"11":9,"12":9,"13":9,"14":9,"15":9,"16":9,"17":9,"18":9,"19":9,"20":9,"21":9,"22":9,"23":9,"24":9,"25":9,"26":9,"27":9,"28":9,"30":1,"31":9},"branchMap":{"0":{"type":"branch","line":9,"loc":{"start":{"line":9,"column":0},"end":{"line":32,"column":1}},"locations":[{"start":{"line":9,"column":0},"end":{"line":32,"column":1}}]},"1":{"type":"branch","line":24,"loc":{"start":{"line":24,"column":16},"end":{"line":24,"column":36}},"locations":[{"start":{"line":24,"column":16},"end":{"line":24,"column":36}}]},"2":{"type":"branch","line":25,"loc":{"start":{"line":25,"column":15},"end":{"line":25,"column":34}},"locations":[{"start":{"line":25,"column":15},"end":{"line":25,"column":34}}]},"3":{"type":"branch","line":28,"loc":{"start":{"line":28,"column":5},"end":{"line":29,"column":10}},"locations":[{"start":{"line":28,"column":5},"end":{"line":29,"column":10}}]},"4":{"type":"branch","line":29,"loc":{"start":{"line":29,"column":2},"end":{"line":31,"column":3}},"locations":[{"start":{"line":29,"column":2},"end":{"line":31,"column":3}}]}},"b":{"0":[9],"1":[7],"2":[7],"3":[8],"4":[1]},"fnMap":{"0":{"name":"logAudit","decl":{"start":{"line":9,"column":0},"end":{"line":32,"column":1}},"loc":{"start":{"line":9,"column":0},"end":{"line":32,"column":1}},"line":9}},"f":{"0":9}}
,"D:\\cost-accounting\\lib\\prisma.ts": {"path":"D:\\cost-accounting\\lib\\prisma.ts","all":true,"statementMap":{"0":{"start":{"line":1,"column":0},"end":{"line":1,"column":45}},"4":{"start":{"line":5,"column":0},"end":{"line":5,"column":85}},"6":{"start":{"line":7,"column":0},"end":{"line":7,"column":66}},"9":{"start":{"line":10,"column":0},"end":{"line":10,"column":44}},"10":{"start":{"line":11,"column":0},"end":{"line":11,"column":33}},"11":{"start":{"line":12,"column":0},"end":{"line":12,"column":1}}},"s":{"0":0,"4":0,"6":0,"9":0,"10":0,"11":0},"branchMap":{"0":{"type":"branch","line":1,"loc":{"start":{"line":1,"column":665},"end":{"line":12,"column":1}},"locations":[{"start":{"line":1,"column":665},"end":{"line":12,"column":1}}]}},"b":{"0":[0]},"fnMap":{"0":{"name":"(empty-report)","decl":{"start":{"line":1,"column":665},"end":{"line":12,"column":1}},"loc":{"start":{"line":1,"column":665},"end":{"line":12,"column":1}},"line":1}},"f":{"0":0}}
,"D:\\cost-accounting\\lib\\aggregation\\_helpers.ts": {"path":"D:\\cost-accounting\\lib\\aggregation\\_helpers.ts","all":false,"statementMap":{"0":{"start":{"line":1,"column":0},"end":{"line":1,"column":40}},"14":{"start":{"line":15,"column":0},"end":{"line":15,"column":57}},"15":{"start":{"line":16,"column":0},"end":{"line":16,"column":32}},"16":{"start":{"line":17,"column":0},"end":{"line":17,"column":17}},"17":{"start":{"line":18,"column":0},"end":{"line":18,"column":3}},"18":{"start":{"line":19,"column":0},"end":{"line":19,"column":65}},"19":{"start":{"line":20,"column":0},"end":{"line":20,"column":23}},"20":{"start":{"line":21,"column":0},"end":{"line":21,"column":3}},"21":{"start":{"line":22,"column":0},"end":{"line":22,"column":13}},"22":{"start":{"line":23,"column":0},"end":{"line":23,"column":1}}},"s":{"0":1,"14":1,"15":16,"16":8,"17":8,"18":16,"19":4,"20":4,"21":4,"22":4},"branchMap":{"0":{"type":"branch","line":15,"loc":{"start":{"line":15,"column":7},"end":{"line":23,"column":1}},"locations":[{"start":{"line":15,"column":7},"end":{"line":23,"column":1}}]},"1":{"type":"branch","line":16,"loc":{"start":{"line":16,"column":31},"end":{"line":18,"column":3}},"locations":[{"start":{"line":16,"column":31},"end":{"line":18,"column":3}}]},"2":{"type":"branch","line":18,"loc":{"start":{"line":18,"column":2},"end":{"line":19,"column":64}},"locations":[{"start":{"line":18,"column":2},"end":{"line":19,"column":64}}]},"3":{"type":"branch","line":18,"loc":{"start":{"line":18,"column":2},"end":{"line":19,"column":41}},"locations":[{"start":{"line":18,"column":2},"end":{"line":19,"column":41}}]},"4":{"type":"branch","line":19,"loc":{"start":{"line":19,"column":27},"end":{"line":19,"column":64}},"locations":[{"start":{"line":19,"column":27},"end":{"line":19,"column":64}}]},"5":{"type":"branch","line":19,"loc":{"start":{"line":19,"column":64},"end":{"line":23,"column":1}},"locations":[{"start":{"line":19,"column":64},"end":{"line":23,"column":1}}]}},"b":{"0":[16],"1":[8],"2":[12],"3":[8],"4":[5],"5":[4]},"fnMap":{"0":{"name":"resolveHqId","decl":{"start":{"line":15,"column":7},"end":{"line":23,"column":1}},"loc":{"start":{"line":15,"column":7},"end":{"line":23,"column":1}},"line":15}},"f":{"0":16}}
,"D:\\cost-accounting\\lib\\aggregation\\enterprise.ts": {"path":"D:\\cost-accounting\\lib\\aggregation\\enterprise.ts","all":false,"statementMap":{"3":{"start":{"line":4,"column":0},"end":{"line":4,"column":42}},"4":{"start":{"line":5,"column":0},"end":{"line":5,"column":23}},"5":{"start":{"line":6,"column":0},"end":{"line":6,"column":19}},"6":{"start":{"line":7,"column":0},"end":{"line":7,"column":35}},"7":{"start":{"line":8,"column":0},"end":{"line":8,"column":48}},"8":{"start":{"line":9,"column":0},"end":{"line":9,"column":24}},"9":{"start":{"line":10,"column":0},"end":{"line":10,"column":27}},"10":{"start":{"line":11,"column":0},"end":{"line":11,"column":4}},"11":{"start":{"line":12,"column":0},"end":{"line":12,"column":55}},"12":{"start":{"line":13,"column":0},"end":{"line":13,"column":1}}},"s":{"3":5,"4":5,"5":5,"6":5,"7":5,"8":5,"9":5,"10":5,"11":5,"12":5},"branchMap":{"0":{"type":"branch","line":4,"loc":{"start":{"line":4,"column":0},"end":{"line":13,"column":1}},"locations":[{"start":{"line":4,"column":0},"end":{"line":13,"column":1}}]},"1":{"type":"branch","line":12,"loc":{"start":{"line":12,"column":28},"end":{"line":12,"column":43}},"locations":[{"start":{"line":12,"column":28},"end":{"line":12,"column":43}}]}},"b":{"0":[5],"1":[0]},"fnMap":{"0":{"name":"aggregateEnterprise","decl":{"start":{"line":4,"column":0},"end":{"line":13,"column":1}},"loc":{"start":{"line":4,"column":0},"end":{"line":13,"column":1}},"line":4}},"f":{"0":5}}
,"D:\\cost-accounting\\lib\\aggregation\\hq.ts": {"path":"D:\\cost-accounting\\lib\\aggregation\\hq.ts","all":false,"statementMap":{"0":{"start":{"line":1,"column":0},"end":{"line":1,"column":53}},"4":{"start":{"line":5,"column":0},"end":{"line":5,"column":34}},"5":{"start":{"line":6,"column":0},"end":{"line":6,"column":23}},"6":{"start":{"line":7,"column":0},"end":{"line":7,"column":19}},"7":{"start":{"line":8,"column":0},"end":{"line":8,"column":29}},"8":{"start":{"line":9,"column":0},"end":{"line":9,"column":51}},"9":{"start":{"line":10,"column":0},"end":{"line":10,"column":24}},"10":{"start":{"line":11,"column":0},"end":{"line":11,"column":13}},"11":{"start":{"line":12,"column":0},"end":{"line":12,"column":19}},"12":{"start":{"line":13,"column":0},"end":{"line":13,"column":18}},"13":{"start":{"line":14,"column":0},"end":{"line":14,"column":17}},"14":{"start":{"line":15,"column":0},"end":{"line":15,"column":19}},"15":{"start":{"line":16,"column":0},"end":{"line":16,"column":61}},"16":{"start":{"line":17,"column":0},"end":{"line":17,"column":12}},"17":{"start":{"line":18,"column":0},"end":{"line":18,"column":10}},"18":{"start":{"line":19,"column":0},"end":{"line":19,"column":8}},"19":{"start":{"line":20,"column":0},"end":{"line":20,"column":6}},"20":{"start":{"line":21,"column":0},"end":{"line":21,"column":4}},"22":{"start":{"line":23,"column":0},"end":{"line":23,"column":50}},"24":{"start":{"line":25,"column":0},"end":{"line":25,"column":32}},"25":{"start":{"line":26,"column":0},"end":{"line":26,"column":38}},"26":{"start":{"line":27,"column":0},"end":{"line":27,"column":33}},"27":{"start":{"line":28,"column":0},"end":{"line":28,"column":31}},"29":{"start":{"line":30,"column":0},"end":{"line":30,"column":60}},"30":{"start":{"line":31,"column":0},"end":{"line":31,"column":76}},"31":{"start":{"line":32,"column":0},"end":{"line":32,"column":3}},"33":{"start":{"line":34,"column":0},"end":{"line":34,"column":63}},"34":{"start":{"line":35,"column":0},"end":{"line":35,"column":9}},"35":{"start":{"line":36,"column":0},"end":{"line":36,"column":28}},"36":{"start":{"line":37,"column":0},"end":{"line":37,"column":5}},"37":{"start":{"line":38,"column":0},"end":{"line":38,"column":1}}},"s":{"0":1,"4":6,"5":6,"6":6,"7":6,"8":6,"9":6,"10":6,"11":6,"12":6,"13":6,"14":6,"15":6,"16":6,"17":6,"18":6,"19":6,"20":6,"22":6,"24":6,"25":11,"26":11,"27":11,"29":11,"30":11,"31":11,"33":6,"34":5,"35":5,"36":6,"37":6},"branchMap":{"0":{"type":"branch","line":5,"loc":{"start":{"line":5,"column":0},"end":{"line":38,"column":1}},"locations":[{"start":{"line":5,"column":0},"end":{"line":38,"column":1}}]},"1":{"type":"branch","line":25,"loc":{"start":{"line":25,"column":31},"end":{"line":32,"column":3}},"locations":[{"start":{"line":25,"column":31},"end":{"line":32,"column":3}}]},"2":{"type":"branch","line":28,"loc":{"start":{"line":28,"column":23},"end":{"line":28,"column":31}},"locations":[{"start":{"line":28,"column":23},"end":{"line":28,"column":31}}]},"3":{"type":"branch","line":28,"loc":{"start":{"line":28,"column":23},"end":{"line":30,"column":37}},"locations":[{"start":{"line":28,"column":23},"end":{"line":30,"column":37}}]},"4":{"type":"branch","line":30,"loc":{"start":{"line":30,"column":32},"end":{"line":30,"column":60}},"locations":[{"start":{"line":30,"column":32},"end":{"line":30,"column":60}}]},"5":{"type":"branch","line":34,"loc":{"start":{"line":34,"column":42},"end":{"line":37,"column":4}},"locations":[{"start":{"line":34,"column":42},"end":{"line":37,"column":4}}]}},"b":{"0":[6],"1":[11],"2":[1],"3":[10],"4":[5],"5":[5]},"fnMap":{"0":{"name":"aggregateHq","decl":{"start":{"line":5,"column":0},"end":{"line":38,"column":1}},"loc":{"start":{"line":5,"column":0},"end":{"line":38,"column":1}},"line":5}},"f":{"0":6}}
,"D:\\cost-accounting\\lib\\aggregation\\personnel.ts": {"path":"D:\\cost-accounting\\lib\\aggregation\\personnel.ts","all":false,"statementMap":{"3":{"start":{"line":4,"column":0},"end":{"line":4,"column":41}},"4":{"start":{"line":5,"column":0},"end":{"line":5,"column":23}},"5":{"start":{"line":6,"column":0},"end":{"line":6,"column":19}},"6":{"start":{"line":7,"column":0},"end":{"line":7,"column":36}},"7":{"start":{"line":8,"column":0},"end":{"line":8,"column":47}},"8":{"start":{"line":9,"column":0},"end":{"line":9,"column":24}},"9":{"start":{"line":10,"column":0},"end":{"line":10,"column":24}},"10":{"start":{"line":11,"column":0},"end":{"line":11,"column":27}},"11":{"start":{"line":12,"column":0},"end":{"line":12,"column":4}},"12":{"start":{"line":13,"column":0},"end":{"line":13,"column":25}},"13":{"start":{"line":14,"column":0},"end":{"line":14,"column":31}},"14":{"start":{"line":15,"column":0},"end":{"line":15,"column":45}},"15":{"start":{"line":16,"column":0},"end":{"line":16,"column":5}},"16":{"start":{"line":17,"column":0},"end":{"line":17,"column":1}}},"s":{"3":4,"4":4,"5":4,"6":4,"7":4,"8":4,"9":4,"10":4,"11":4,"12":4,"13":8,"14":8,"15":4,"16":4},"branchMap":{"0":{"type":"branch","line":4,"loc":{"start":{"line":4,"column":0},"end":{"line":17,"column":1}},"locations":[{"start":{"line":4,"column":0},"end":{"line":17,"column":1}}]},"1":{"type":"branch","line":13,"loc":{"start":{"line":13,"column":18},"end":{"line":16,"column":4}},"locations":[{"start":{"line":13,"column":18},"end":{"line":16,"column":4}}]},"2":{"type":"branch","line":15,"loc":{"start":{"line":15,"column":19},"end":{"line":15,"column":34}},"locations":[{"start":{"line":15,"column":19},"end":{"line":15,"column":34}}]}},"b":{"0":[4],"1":[8],"2":[0]},"fnMap":{"0":{"name":"aggregatePersonnel","decl":{"start":{"line":4,"column":0},"end":{"line":17,"column":1}},"loc":{"start":{"line":4,"column":0},"end":{"line":17,"column":1}},"line":4}},"f":{"0":4}}
,"D:\\cost-accounting\\lib\\aggregation\\project.ts": {"path":"D:\\cost-accounting\\lib\\aggregation\\project.ts","all":false,"statementMap":{"3":{"start":{"line":4,"column":0},"end":{"line":4,"column":39}},"4":{"start":{"line":5,"column":0},"end":{"line":5,"column":23}},"5":{"start":{"line":6,"column":0},"end":{"line":6,"column":19}},"6":{"start":{"line":7,"column":0},"end":{"line":7,"column":34}},"7":{"start":{"line":8,"column":0},"end":{"line":8,"column":47}},"8":{"start":{"line":9,"column":0},"end":{"line":9,"column":22}},"9":{"start":{"line":10,"column":0},"end":{"line":10,"column":24}},"10":{"start":{"line":11,"column":0},"end":{"line":11,"column":27}},"11":{"start":{"line":12,"column":0},"end":{"line":12,"column":4}},"12":{"start":{"line":13,"column":0},"end":{"line":13,"column":25}},"13":{"start":{"line":14,"column":0},"end":{"line":14,"column":27}},"14":{"start":{"line":15,"column":0},"end":{"line":15,"column":45}},"15":{"start":{"line":16,"column":0},"end":{"line":16,"column":5}},"16":{"start":{"line":17,"column":0},"end":{"line":17,"column":1}}},"s":{"3":5,"4":5,"5":5,"6":5,"7":5,"8":5,"9":5,"10":5,"11":5,"12":5,"13":7,"14":7,"15":5,"16":5},"branchMap":{"0":{"type":"branch","line":4,"loc":{"start":{"line":4,"column":0},"end":{"line":17,"column":1}},"locations":[{"start":{"line":4,"column":0},"end":{"line":17,"column":1}}]},"1":{"type":"branch","line":13,"loc":{"start":{"line":13,"column":18},"end":{"line":16,"column":4}},"locations":[{"start":{"line":13,"column":18},"end":{"line":16,"column":4}}]},"2":{"type":"branch","line":15,"loc":{"start":{"line":15,"column":19},"end":{"line":15,"column":34}},"locations":[{"start":{"line":15,"column":19},"end":{"line":15,"column":34}}]}},"b":{"0":[5],"1":[7],"2":[1]},"fnMap":{"0":{"name":"aggregateProject","decl":{"start":{"line":4,"column":0},"end":{"line":17,"column":1}},"loc":{"start":{"line":4,"column":0},"end":{"line":17,"column":1}},"line":4}},"f":{"0":5}}
,"D:\\cost-accounting\\lib\\aggregation\\types.ts": {"path":"D:\\cost-accounting\\lib\\aggregation\\types.ts","all":true,"statementMap":{},"s":{},"branchMap":{"0":{"type":"branch","line":1,"loc":{"start":{"line":1,"column":333},"end":{"line":18,"column":1}},"locations":[{"start":{"line":1,"column":333},"end":{"line":18,"column":1}}]}},"b":{"0":[1]},"fnMap":{"0":{"name":"(empty-report)","decl":{"start":{"line":1,"column":333},"end":{"line":18,"column":1}},"loc":{"start":{"line":1,"column":333},"end":{"line":18,"column":1}},"line":1}},"f":{"0":1}}
,"D:\\cost-accounting\\lib\\allocation\\checksum.ts": {"path":"D:\\cost-accounting\\lib\\allocation\\checksum.ts","all":false,"statementMap":{"0":{"start":{"line":1,"column":0},"end":{"line":1,"column":27}},"8":{"start":{"line":9,"column":0},"end":{"line":9,"column":55}},"9":{"start":{"line":10,"column":0},"end":{"line":10,"column":44}},"10":{"start":{"line":11,"column":0},"end":{"line":11,"column":1}},"12":{"start":{"line":13,"column":0},"end":{"line":13,"column":48}},"13":{"start":{"line":14,"column":0},"end":{"line":14,"column":57}},"14":{"start":{"line":15,"column":0},"end":{"line":15,"column":54}},"15":{"start":{"line":16,"column":0},"end":{"line":16,"column":58}},"16":{"start":{"line":17,"column":0},"end":{"line":17,"column":34}},"17":{"start":{"line":18,"column":0},"end":{"line":18,"column":48}},"18":{"start":{"line":19,"column":0},"end":{"line":19,"column":46}},"19":{"start":{"line":20,"column":0},"end":{"line":20,"column":43}},"20":{"start":{"line":21,"column":0},"end":{"line":21,"column":33}},"21":{"start":{"line":22,"column":0},"end":{"line":22,"column":35}},"22":{"start":{"line":23,"column":0},"end":{"line":23,"column":5}},"23":{"start":{"line":24,"column":0},"end":{"line":24,"column":14}},"24":{"start":{"line":25,"column":0},"end":{"line":25,"column":3}},"25":{"start":{"line":26,"column":0},"end":{"line":26,"column":14}},"26":{"start":{"line":27,"column":0},"end":{"line":27,"column":1}},"28":{"start":{"line":29,"column":0},"end":{"line":29,"column":47}},"29":{"start":{"line":30,"column":0},"end":{"line":30,"column":72}},"30":{"start":{"line":31,"column":0},"end":{"line":31,"column":1}},"51":{"start":{"line":52,"column":0},"end":{"line":52,"column":30}},"52":{"start":{"line":53,"column":0},"end":{"line":53,"column":32}},"53":{"start":{"line":54,"column":0},"end":{"line":54,"column":29}},"54":{"start":{"line":55,"column":0},"end":{"line":55,"column":11}},"55":{"start":{"line":56,"column":0},"end":{"line":56,"column":91}},"56":{"start":{"line":57,"column":0},"end":{"line":57,"column":87}},"57":{"start":{"line":58,"column":0},"end":{"line":58,"column":78}},"58":{"start":{"line":59,"column":0},"end":{"line":59,"column":1}},"72":{"start":{"line":73,"column":0},"end":{"line":73,"column":73}},"73":{"start":{"line":74,"column":0},"end":{"line":74,"column":46}},"74":{"start":{"line":75,"column":0},"end":{"line":75,"column":60}},"75":{"start":{"line":76,"column":0},"end":{"line":76,"column":67}},"76":{"start":{"line":77,"column":0},"end":{"line":77,"column":4}},"77":{"start":{"line":78,"column":0},"end":{"line":78,"column":38}},"78":{"start":{"line":79,"column":0},"end":{"line":79,"column":1}}},"s":{"0":1,"8":1,"9":65,"10":65,"12":3887,"13":3887,"14":3887,"15":3887,"16":3851,"17":973,"18":973,"19":973,"20":973,"21":2879,"22":2879,"23":973,"24":973,"25":2822,"26":2822,"28":1,"29":57,"30":57,"51":1,"52":25,"53":25,"54":25,"55":25,"56":25,"57":25,"58":25,"72":1,"73":27,"74":812,"75":812,"76":27,"77":27,"78":27},"branchMap":{"0":{"type":"branch","line":9,"loc":{"start":{"line":9,"column":7},"end":{"line":11,"column":1}},"locations":[{"start":{"line":9,"column":7},"end":{"line":11,"column":1}}]},"1":{"type":"branch","line":13,"loc":{"start":{"line":13,"column":0},"end":{"line":27,"column":1}},"locations":[{"start":{"line":13,"column":0},"end":{"line":27,"column":1}}]},"2":{"type":"branch","line":14,"loc":{"start":{"line":14,"column":16},"end":{"line":14,"column":45}},"locations":[{"start":{"line":14,"column":16},"end":{"line":14,"column":45}}]},"3":{"type":"branch","line":14,"loc":{"start":{"line":14,"column":45},"end":{"line":14,"column":57}},"locations":[{"start":{"line":14,"column":45},"end":{"line":14,"column":57}}]},"4":{"type":"branch","line":14,"loc":{"start":{"line":14,"column":52},"end":{"line":15,"column":39}},"locations":[{"start":{"line":14,"column":52},"end":{"line":15,"column":39}}]},"5":{"type":"branch","line":15,"loc":{"start":{"line":15,"column":32},"end":{"line":15,"column":54}},"locations":[{"start":{"line":15,"column":32},"end":{"line":15,"column":54}}]},"6":{"type":"branch","line":15,"loc":{"start":{"line":15,"column":53},"end":{"line":16,"column":35}},"locations":[{"start":{"line":15,"column":53},"end":{"line":16,"column":35}}]},"7":{"type":"branch","line":16,"loc":{"start":{"line":16,"column":28},"end":{"line":16,"column":58}},"locations":[{"start":{"line":16,"column":28},"end":{"line":16,"column":58}}]},"8":{"type":"branch","line":16,"loc":{"start":{"line":16,"column":57},"end":{"line":25,"column":3}},"locations":[{"start":{"line":16,"column":57},"end":{"line":25,"column":3}}]},"9":{"type":"branch","line":16,"loc":{"start":{"line":16,"column":57},"end":{"line":17,"column":33}},"locations":[{"start":{"line":16,"column":57},"end":{"line":17,"column":33}}]},"10":{"type":"branch","line":17,"loc":{"start":{"line":17,"column":33},"end":{"line":25,"column":3}},"locations":[{"start":{"line":17,"column":33},"end":{"line":25,"column":3}}]},"11":{"type":"branch","line":21,"loc":{"start":{"line":21,"column":32},"end":{"line":23,"column":5}},"locations":[{"start":{"line":21,"column":32},"end":{"line":23,"column":5}}]},"12":{"type":"branch","line":25,"loc":{"start":{"line":25,"column":2},"end":{"line":27,"column":1}},"locations":[{"start":{"line":25,"column":2},"end":{"line":27,"column":1}}]},"13":{"type":"branch","line":29,"loc":{"start":{"line":29,"column":7},"end":{"line":31,"column":1}},"locations":[{"start":{"line":29,"column":7},"end":{"line":31,"column":1}}]},"14":{"type":"branch","line":52,"loc":{"start":{"line":52,"column":7},"end":{"line":59,"column":1}},"locations":[{"start":{"line":52,"column":7},"end":{"line":59,"column":1}}]},"15":{"type":"branch","line":56,"loc":{"start":{"line":56,"column":42},"end":{"line":56,"column":90}},"locations":[{"start":{"line":56,"column":42},"end":{"line":56,"column":90}}]},"16":{"type":"branch","line":57,"loc":{"start":{"line":57,"column":38},"end":{"line":57,"column":86}},"locations":[{"start":{"line":57,"column":38},"end":{"line":57,"column":86}}]},"17":{"type":"branch","line":73,"loc":{"start":{"line":73,"column":7},"end":{"line":79,"column":1}},"locations":[{"start":{"line":73,"column":7},"end":{"line":79,"column":1}}]},"18":{"type":"branch","line":74,"loc":{"start":{"line":74,"column":35},"end":{"line":77,"column":3}},"locations":[{"start":{"line":74,"column":35},"end":{"line":77,"column":3}}]},"19":{"type":"branch","line":76,"loc":{"start":{"line":76,"column":17},"end":{"line":76,"column":25}},"locations":[{"start":{"line":76,"column":17},"end":{"line":76,"column":25}}]},"20":{"type":"branch","line":76,"loc":{"start":{"line":76,"column":21},"end":{"line":76,"column":67}},"locations":[{"start":{"line":76,"column":21},"end":{"line":76,"column":67}}]}},"b":{"0":[65],"1":[3887],"2":[3880],"3":[8],"4":[3879],"5":[4],"6":[3875],"7":[80],"8":[3851],"9":[3795],"10":[973],"11":[2879],"12":[2822],"13":[57],"14":[25],"15":[46],"16":[42],"17":[27],"18":[812],"19":[42],"20":[770]},"fnMap":{"0":{"name":"canonicalJson","decl":{"start":{"line":9,"column":7},"end":{"line":11,"column":1}},"loc":{"start":{"line":9,"column":7},"end":{"line":11,"column":1}},"line":9},"1":{"name":"canonicalize","decl":{"start":{"line":13,"column":0},"end":{"line":27,"column":1}},"loc":{"start":{"line":13,"column":0},"end":{"line":27,"column":1}},"line":13},"2":{"name":"sha256","decl":{"start":{"line":29,"column":7},"end":{"line":31,"column":1}},"loc":{"start":{"line":29,"column":7},"end":{"line":31,"column":1}},"line":29},"3":{"name":"checksumInput","decl":{"start":{"line":52,"column":7},"end":{"line":59,"column":1}},"loc":{"start":{"line":52,"column":7},"end":{"line":59,"column":1}},"line":52},"4":{"name":"checksumOutput","decl":{"start":{"line":73,"column":7},"end":{"line":79,"column":1}},"loc":{"start":{"line":73,"column":7},"end":{"line":79,"column":1}},"line":73}},"f":{"0":65,"1":3887,"2":57,"3":25,"4":27}}
,"D:\\cost-accounting\\lib\\allocation\\decimal.ts": {"path":"D:\\cost-accounting\\lib\\allocation\\decimal.ts","all":false,"statementMap":{"0":{"start":{"line":1,"column":0},"end":{"line":1,"column":56}},"7":{"start":{"line":8,"column":0},"end":{"line":8,"column":63}},"10":{"start":{"line":11,"column":0},"end":{"line":11,"column":28}},"18":{"start":{"line":19,"column":0},"end":{"line":19,"column":36}},"19":{"start":{"line":20,"column":0},"end":{"line":20,"column":31}},"20":{"start":{"line":21,"column":0},"end":{"line":21,"column":36}},"21":{"start":{"line":22,"column":0},"end":{"line":22,"column":3}},"24":{"start":{"line":25,"column":0},"end":{"line":25,"column":42}},"25":{"start":{"line":26,"column":0},"end":{"line":26,"column":56}},"26":{"start":{"line":27,"column":0},"end":{"line":27,"column":3}},"28":{"start":{"line":29,"column":0},"end":{"line":29,"column":43}},"29":{"start":{"line":30,"column":0},"end":{"line":30,"column":57}},"30":{"start":{"line":31,"column":0},"end":{"line":31,"column":3}},"32":{"start":{"line":33,"column":0},"end":{"line":33,"column":43}},"33":{"start":{"line":34,"column":0},"end":{"line":34,"column":57}},"34":{"start":{"line":35,"column":0},"end":{"line":35,"column":3}},"35":{"start":{"line":36,"column":0},"end":{"line":36,"column":1}},"41":{"start":{"line":42,"column":0},"end":{"line":42,"column":64}},"42":{"start":{"line":43,"column":0},"end":{"line":43,"column":65}},"43":{"start":{"line":44,"column":0},"end":{"line":44,"column":73}},"44":{"start":{"line":45,"column":0},"end":{"line":45,"column":50}},"45":{"start":{"line":46,"column":0},"end":{"line":46,"column":1}},"53":{"start":{"line":54,"column":0},"end":{"line":54,"column":49}},"54":{"start":{"line":55,"column":0},"end":{"line":55,"column":42}},"56":{"start":{"line":57,"column":0},"end":{"line":57,"column":89}},"57":{"start":{"line":58,"column":0},"end":{"line":58,"column":53}},"58":{"start":{"line":59,"column":0},"end":{"line":59,"column":95}},"59":{"start":{"line":60,"column":0},"end":{"line":60,"column":52}},"60":{"start":{"line":61,"column":0},"end":{"line":61,"column":5}},"61":{"start":{"line":62,"column":0},"end":{"line":62,"column":18}},"62":{"start":{"line":63,"column":0},"end":{"line":63,"column":4}},"64":{"start":{"line":65,"column":0},"end":{"line":65,"column":51}},"65":{"start":{"line":66,"column":0},"end":{"line":66,"column":1}},"67":{"start":{"line":68,"column":0},"end":{"line":68,"column":49}},"69":{"start":{"line":70,"column":0},"end":{"line":70,"column":65}},"70":{"start":{"line":71,"column":0},"end":{"line":71,"column":66}},"71":{"start":{"line":72,"column":0},"end":{"line":72,"column":66}},"72":{"start":{"line":73,"column":0},"end":{"line":73,"column":70}},"74":{"start":{"line":75,"column":0},"end":{"line":75,"column":50}},"75":{"start":{"line":76,"column":0},"end":{"line":76,"column":48}},"81":{"start":{"line":82,"column":0},"end":{"line":82,"column":62}},"94":{"start":{"line":95,"column":0},"end":{"line":95,"column":78}},"95":{"start":{"line":96,"column":0},"end":{"line":96,"column":39}},"96":{"start":{"line":97,"column":0},"end":{"line":97,"column":42}},"97":{"start":{"line":98,"column":0},"end":{"line":98,"column":39}},"98":{"start":{"line":99,"column":0},"end":{"line":99,"column":45}},"99":{"start":{"line":100,"column":0},"end":{"line":100,"column":41}},"100":{"start":{"line":101,"column":0},"end":{"line":101,"column":42}},"101":{"start":{"line":102,"column":0},"end":{"line":102,"column":37}},"102":{"start":{"line":103,"column":0},"end":{"line":103,"column":63}},"103":{"start":{"line":104,"column":0},"end":{"line":104,"column":17}},"104":{"start":{"line":105,"column":0},"end":{"line":105,"column":1}}},"s":{"0":1,"7":1,"10":1,"18":1,"19":1,"20":40,"21":40,"24":1,"25":1968,"26":1968,"28":1,"29":24,"30":24,"32":1,"33":3,"34":3,"35":1,"41":1,"42":1719,"43":1719,"44":1719,"45":1719,"53":1,"54":1,"56":1,"57":3801,"58":3801,"59":2116,"60":2116,"61":1685,"62":3801,"64":1,"65":1,"67":1,"69":1,"70":1,"71":1,"72":1,"74":1,"75":219,"81":1,"94":1,"95":111,"96":110,"97":110,"98":110,"99":111,"100":4,"101":4,"102":4,"103":4,"104":4},"branchMap":{"0":{"type":"branch","line":20,"loc":{"start":{"line":20,"column":11},"end":{"line":22,"column":3}},"locations":[{"start":{"line":20,"column":11},"end":{"line":22,"column":3}}]},"1":{"type":"branch","line":25,"loc":{"start":{"line":25,"column":11},"end":{"line":27,"column":3}},"locations":[{"start":{"line":25,"column":11},"end":{"line":27,"column":3}}]},"2":{"type":"branch","line":29,"loc":{"start":{"line":29,"column":11},"end":{"line":31,"column":3}},"locations":[{"start":{"line":29,"column":11},"end":{"line":31,"column":3}}]},"3":{"type":"branch","line":33,"loc":{"start":{"line":33,"column":11},"end":{"line":35,"column":3}},"locations":[{"start":{"line":33,"column":11},"end":{"line":35,"column":3}}]},"4":{"type":"branch","line":42,"loc":{"start":{"line":42,"column":7},"end":{"line":46,"column":1}},"locations":[{"start":{"line":42,"column":7},"end":{"line":46,"column":1}}]},"5":{"type":"branch","line":43,"loc":{"start":{"line":43,"column":29},"end":{"line":43,"column":47}},"locations":[{"start":{"line":43,"column":29},"end":{"line":43,"column":47}}]},"6":{"type":"branch","line":43,"loc":{"start":{"line":43,"column":39},"end":{"line":43,"column":65}},"locations":[{"start":{"line":43,"column":39},"end":{"line":43,"column":65}}]},"7":{"type":"branch","line":57,"loc":{"start":{"line":57,"column":36},"end":{"line":63,"column":4}},"locations":[{"start":{"line":57,"column":36},"end":{"line":63,"column":4}}]},"8":{"type":"branch","line":59,"loc":{"start":{"line":59,"column":24},"end":{"line":59,"column":94}},"locations":[{"start":{"line":59,"column":24},"end":{"line":59,"column":94}}]},"9":{"type":"branch","line":59,"loc":{"start":{"line":59,"column":47},"end":{"line":59,"column":73}},"locations":[{"start":{"line":59,"column":47},"end":{"line":59,"column":73}}]},"10":{"type":"branch","line":59,"loc":{"start":{"line":59,"column":65},"end":{"line":59,"column":94}},"locations":[{"start":{"line":59,"column":65},"end":{"line":59,"column":94}}]},"11":{"type":"branch","line":59,"loc":{"start":{"line":59,"column":94},"end":{"line":62,"column":18}},"locations":[{"start":{"line":59,"column":94},"end":{"line":62,"column":18}}]},"12":{"type":"branch","line":59,"loc":{"start":{"line":59,"column":94},"end":{"line":61,"column":5}},"locations":[{"start":{"line":59,"column":94},"end":{"line":61,"column":5}}]},"13":{"type":"branch","line":61,"loc":{"start":{"line":61,"column":4},"end":{"line":62,"column":18}},"locations":[{"start":{"line":61,"column":4},"end":{"line":62,"column":18}}]},"14":{"type":"branch","line":68,"loc":{"start":{"line":68,"column":20},"end":{"line":68,"column":49}},"locations":[{"start":{"line":68,"column":20},"end":{"line":68,"column":49}}]},"15":{"type":"branch","line":70,"loc":{"start":{"line":70,"column":19},"end":{"line":70,"column":65}},"locations":[{"start":{"line":70,"column":19},"end":{"line":70,"column":65}}]},"16":{"type":"branch","line":71,"loc":{"start":{"line":71,"column":19},"end":{"line":71,"column":66}},"locations":[{"start":{"line":71,"column":19},"end":{"line":71,"column":66}}]},"17":{"type":"branch","line":72,"loc":{"start":{"line":72,"column":19},"end":{"line":72,"column":66}},"locations":[{"start":{"line":72,"column":19},"end":{"line":72,"column":66}}]},"18":{"type":"branch","line":73,"loc":{"start":{"line":73,"column":19},"end":{"line":73,"column":70}},"locations":[{"start":{"line":73,"column":19},"end":{"line":73,"column":70}}]},"19":{"type":"branch","line":75,"loc":{"start":{"line":75,"column":19},"end":{"line":76,"column":48}},"locations":[{"start":{"line":75,"column":19},"end":{"line":76,"column":48}}]},"20":{"type":"branch","line":76,"loc":{"start":{"line":76,"column":16},"end":{"line":76,"column":41}},"locations":[{"start":{"line":76,"column":16},"end":{"line":76,"column":41}}]},"21":{"type":"branch","line":82,"loc":{"start":{"line":82,"column":23},"end":{"line":82,"column":62}},"locations":[{"start":{"line":82,"column":23},"end":{"line":82,"column":62}}]},"22":{"type":"branch","line":95,"loc":{"start":{"line":95,"column":7},"end":{"line":105,"column":1}},"locations":[{"start":{"line":95,"column":7},"end":{"line":105,"column":1}}]},"23":{"type":"branch","line":96,"loc":{"start":{"line":96,"column":30},"end":{"line":96,"column":39}},"locations":[{"start":{"line":96,"column":30},"end":{"line":96,"column":39}}]},"24":{"type":"branch","line":96,"loc":{"start":{"line":96,"column":38},"end":{"line":100,"column":32}},"locations":[{"start":{"line":96,"column":38},"end":{"line":100,"column":32}}]},"25":{"type":"branch","line":100,"loc":{"start":{"line":100,"column":25},"end":{"line":100,"column":41}},"locations":[{"start":{"line":100,"column":25},"end":{"line":100,"column":41}}]},"26":{"type":"branch","line":100,"loc":{"start":{"line":100,"column":32},"end":{"line":105,"column":1}},"locations":[{"start":{"line":100,"column":32},"end":{"line":105,"column":1}}]}},"b":{"0":[40],"1":[1968],"2":[24],"3":[3],"4":[1719],"5":[1716],"6":[3],"7":[3801],"8":[1833],"9":[1815],"10":[1815],"11":[3789],"12":[2116],"13":[1685],"14":[223],"15":[1],"16":[1],"17":[1],"18":[1],"19":[219],"20":[3321],"21":[1671],"22":[111],"23":[1],"24":[110],"25":[106],"26":[4]},"fnMap":{"0":{"name":"toString","decl":{"start":{"line":20,"column":11},"end":{"line":22,"column":3}},"loc":{"start":{"line":20,"column":11},"end":{"line":22,"column":3}},"line":20},"1":{"name":"plus","decl":{"start":{"line":25,"column":11},"end":{"line":27,"column":3}},"loc":{"start":{"line":25,"column":11},"end":{"line":27,"column":3}},"line":25},"2":{"name":"minus","decl":{"start":{"line":29,"column":11},"end":{"line":31,"column":3}},"loc":{"start":{"line":29,"column":11},"end":{"line":31,"column":3}},"line":29},"3":{"name":"times","decl":{"start":{"line":33,"column":11},"end":{"line":35,"column":3}},"loc":{"start":{"line":33,"column":11},"end":{"line":35,"column":3}},"line":33},"4":{"name":"money","decl":{"start":{"line":42,"column":7},"end":{"line":46,"column":1}},"loc":{"start":{"line":42,"column":7},"end":{"line":46,"column":1}},"line":42},"5":{"name":"__vite_ssr_import_0__.Decimal.plus","decl":{"start":{"line":57,"column":36},"end":{"line":63,"column":4}},"loc":{"start":{"line":57,"column":36},"end":{"line":63,"column":4}},"line":57},"6":{"name":"zero","decl":{"start":{"line":68,"column":20},"end":{"line":68,"column":49}},"loc":{"start":{"line":68,"column":20},"end":{"line":68,"column":49}},"line":68},"7":{"name":"add","decl":{"start":{"line":70,"column":19},"end":{"line":70,"column":65}},"loc":{"start":{"line":70,"column":19},"end":{"line":70,"column":65}},"line":70},"8":{"name":"sub","decl":{"start":{"line":71,"column":19},"end":{"line":71,"column":66}},"loc":{"start":{"line":71,"column":19},"end":{"line":71,"column":66}},"line":71},"9":{"name":"mul","decl":{"start":{"line":72,"column":19},"end":{"line":72,"column":66}},"loc":{"start":{"line":72,"column":19},"end":{"line":72,"column":66}},"line":72},"10":{"name":"div","decl":{"start":{"line":73,"column":19},"end":{"line":73,"column":70}},"loc":{"start":{"line":73,"column":19},"end":{"line":73,"column":70}},"line":73},"11":{"name":"sum","decl":{"start":{"line":75,"column":19},"end":{"line":76,"column":48}},"loc":{"start":{"line":75,"column":19},"end":{"line":76,"column":48}},"line":75},"12":{"name":"toMoney","decl":{"start":{"line":82,"column":23},"end":{"line":82,"column":62}},"loc":{"start":{"line":82,"column":23},"end":{"line":82,"column":62}},"line":82},"13":{"name":"lastStepAdjust","decl":{"start":{"line":95,"column":7},"end":{"line":105,"column":1}},"loc":{"start":{"line":95,"column":7},"end":{"line":105,"column":1}},"line":95}},"f":{"0":40,"1":1968,"2":24,"3":3,"4":1719,"5":3801,"6":223,"7":1,"8":1,"9":1,"10":1,"11":219,"12":1671,"13":111}}
,"D:\\cost-accounting\\lib\\allocation\\direct.ts": {"path":"D:\\cost-accounting\\lib\\allocation\\direct.ts","all":false,"statementMap":{"0":{"start":{"line":1,"column":0},"end":{"line":1,"column":56}},"24":{"start":{"line":25,"column":0},"end":{"line":25,"column":70}},"25":{"start":{"line":26,"column":0},"end":{"line":26,"column":16}},"26":{"start":{"line":27,"column":0},"end":{"line":27,"column":21}},"27":{"start":{"line":28,"column":0},"end":{"line":28,"column":42}},"28":{"start":{"line":29,"column":0},"end":{"line":29,"column":30}},"29":{"start":{"line":30,"column":0},"end":{"line":30,"column":36}},"30":{"start":{"line":31,"column":0},"end":{"line":31,"column":23}},"31":{"start":{"line":32,"column":0},"end":{"line":32,"column":30}},"32":{"start":{"line":33,"column":0},"end":{"line":33,"column":3}},"33":{"start":{"line":34,"column":0},"end":{"line":34,"column":1}},"45":{"start":{"line":46,"column":0},"end":{"line":46,"column":31}},"46":{"start":{"line":47,"column":0},"end":{"line":47,"column":16}},"47":{"start":{"line":48,"column":0},"end":{"line":48,"column":23}},"48":{"start":{"line":49,"column":0},"end":{"line":49,"column":26}},"49":{"start":{"line":50,"column":0},"end":{"line":50,"column":23}},"50":{"start":{"line":51,"column":0},"end":{"line":51,"column":37}},"53":{"start":{"line":54,"column":0},"end":{"line":54,"column":22}},"54":{"start":{"line":55,"column":0},"end":{"line":55,"column":84}},"55":{"start":{"line":56,"column":0},"end":{"line":56,"column":3}},"57":{"start":{"line":58,"column":0},"end":{"line":58,"column":69}},"58":{"start":{"line":59,"column":0},"end":{"line":59,"column":34}},"62":{"start":{"line":63,"column":0},"end":{"line":63,"column":29}},"63":{"start":{"line":64,"column":0},"end":{"line":64,"column":53}},"64":{"start":{"line":65,"column":0},"end":{"line":65,"column":45}},"65":{"start":{"line":66,"column":0},"end":{"line":66,"column":46}},"66":{"start":{"line":67,"column":0},"end":{"line":67,"column":83}},"67":{"start":{"line":68,"column":0},"end":{"line":68,"column":3}},"69":{"start":{"line":70,"column":0},"end":{"line":70,"column":70}},"70":{"start":{"line":71,"column":0},"end":{"line":71,"column":44}},"72":{"start":{"line":73,"column":0},"end":{"line":73,"column":81}},"73":{"start":{"line":74,"column":0},"end":{"line":74,"column":1}}},"s":{"0":1,"24":1655,"25":1655,"26":1655,"27":1647,"28":1655,"29":4,"30":1655,"31":4,"32":1655,"33":1655,"45":1,"46":109,"47":109,"48":109,"49":109,"50":109,"53":109,"54":1,"55":1,"57":107,"58":107,"62":108,"63":4,"64":4,"65":4,"66":4,"67":4,"69":103,"70":103,"72":103,"73":103},"branchMap":{"0":{"type":"branch","line":25,"loc":{"start":{"line":25,"column":0},"end":{"line":34,"column":1}},"locations":[{"start":{"line":25,"column":0},"end":{"line":34,"column":1}}]},"1":{"type":"branch","line":27,"loc":{"start":{"line":27,"column":4},"end":{"line":28,"column":42}},"locations":[{"start":{"line":27,"column":4},"end":{"line":28,"column":42}}]},"2":{"type":"branch","line":29,"loc":{"start":{"line":29,"column":4},"end":{"line":30,"column":36}},"locations":[{"start":{"line":29,"column":4},"end":{"line":30,"column":36}}]},"3":{"type":"branch","line":31,"loc":{"start":{"line":31,"column":4},"end":{"line":32,"column":30}},"locations":[{"start":{"line":31,"column":4},"end":{"line":32,"column":30}}]},"4":{"type":"branch","line":46,"loc":{"start":{"line":46,"column":7},"end":{"line":74,"column":1}},"locations":[{"start":{"line":46,"column":7},"end":{"line":74,"column":1}}]},"5":{"type":"branch","line":51,"loc":{"start":{"line":51,"column":28},"end":{"line":51,"column":37}},"locations":[{"start":{"line":51,"column":28},"end":{"line":51,"column":37}}]},"6":{"type":"branch","line":51,"loc":{"start":{"line":51,"column":36},"end":{"line":54,"column":21}},"locations":[{"start":{"line":51,"column":36},"end":{"line":54,"column":21}}]},"7":{"type":"branch","line":54,"loc":{"start":{"line":54,"column":21},"end":{"line":56,"column":3}},"locations":[{"start":{"line":54,"column":21},"end":{"line":56,"column":3}}]},"8":{"type":"branch","line":56,"loc":{"start":{"line":56,"column":2},"end":{"line":68,"column":3}},"locations":[{"start":{"line":56,"column":2},"end":{"line":68,"column":3}}]},"9":{"type":"branch","line":56,"loc":{"start":{"line":56,"column":2},"end":{"line":63,"column":28}},"locations":[{"start":{"line":56,"column":2},"end":{"line":63,"column":28}}]},"10":{"type":"branch","line":63,"loc":{"start":{"line":63,"column":28},"end":{"line":68,"column":3}},"locations":[{"start":{"line":63,"column":28},"end":{"line":68,"column":3}}]},"11":{"type":"branch","line":68,"loc":{"start":{"line":68,"column":2},"end":{"line":74,"column":1}},"locations":[{"start":{"line":68,"column":2},"end":{"line":74,"column":1}}]},"12":{"type":"branch","line":55,"loc":{"start":{"line":55,"column":23},"end":{"line":55,"column":83}},"locations":[{"start":{"line":55,"column":23},"end":{"line":55,"column":83}}]},"13":{"type":"branch","line":58,"loc":{"start":{"line":58,"column":30},"end":{"line":58,"column":68}},"locations":[{"start":{"line":58,"column":30},"end":{"line":58,"column":68}}]},"14":{"type":"branch","line":65,"loc":{"start":{"line":65,"column":28},"end":{"line":65,"column":44}},"locations":[{"start":{"line":65,"column":28},"end":{"line":65,"column":44}}]},"15":{"type":"branch","line":67,"loc":{"start":{"line":67,"column":23},"end":{"line":67,"column":82}},"locations":[{"start":{"line":67,"column":23},"end":{"line":67,"column":82}}]},"16":{"type":"branch","line":70,"loc":{"start":{"line":70,"column":26},"end":{"line":70,"column":69}},"locations":[{"start":{"line":70,"column":26},"end":{"line":70,"column":69}}]},"17":{"type":"branch","line":73,"loc":{"start":{"line":73,"column":21},"end":{"line":73,"column":80}},"locations":[{"start":{"line":73,"column":21},"end":{"line":73,"column":80}}]}},"b":{"0":[1655],"1":[1647],"2":[4],"3":[4],"4":[109],"5":[1],"6":[108],"7":[1],"8":[108],"9":[107],"10":[4],"11":[103],"12":[3],"13":[1655],"14":[10],"15":[10],"16":[1645],"17":[1645]},"fnMap":{"0":{"name":"weightOf","decl":{"start":{"line":25,"column":0},"end":{"line":34,"column":1}},"loc":{"start":{"line":25,"column":0},"end":{"line":34,"column":1}},"line":25},"1":{"name":"directAllocate","decl":{"start":{"line":46,"column":7},"end":{"line":74,"column":1}},"loc":{"start":{"line":46,"column":7},"end":{"line":74,"column":1}},"line":46}},"f":{"0":1655,"1":109}}
,"D:\\cost-accounting\\lib\\allocation\\stepDown.ts": {"path":"D:\\cost-accounting\\lib\\allocation\\stepDown.ts","all":false,"statementMap":{"0":{"start":{"line":1,"column":0},"end":{"line":1,"column":56}},"17":{"start":{"line":18,"column":0},"end":{"line":18,"column":67}},"40":{"start":{"line":41,"column":0},"end":{"line":41,"column":33}},"41":{"start":{"line":42,"column":0},"end":{"line":42,"column":16}},"42":{"start":{"line":43,"column":0},"end":{"line":43,"column":21}},"43":{"start":{"line":44,"column":0},"end":{"line":44,"column":26}},"44":{"start":{"line":45,"column":0},"end":{"line":45,"column":21}},"45":{"start":{"line":46,"column":0},"end":{"line":46,"column":37}},"46":{"start":{"line":47,"column":0},"end":{"line":47,"column":73}},"47":{"start":{"line":48,"column":0},"end":{"line":48,"column":38}},"49":{"start":{"line":50,"column":0},"end":{"line":50,"column":33}},"50":{"start":{"line":51,"column":0},"end":{"line":51,"column":37}},"51":{"start":{"line":52,"column":0},"end":{"line":52,"column":23}},"52":{"start":{"line":53,"column":0},"end":{"line":53,"column":38}},"53":{"start":{"line":54,"column":0},"end":{"line":54,"column":74}},"54":{"start":{"line":55,"column":0},"end":{"line":55,"column":34}},"55":{"start":{"line":56,"column":0},"end":{"line":56,"column":20}},"56":{"start":{"line":57,"column":0},"end":{"line":57,"column":29}},"57":{"start":{"line":58,"column":0},"end":{"line":58,"column":33}},"58":{"start":{"line":59,"column":0},"end":{"line":59,"column":25}},"59":{"start":{"line":60,"column":0},"end":{"line":60,"column":8}},"60":{"start":{"line":61,"column":0},"end":{"line":61,"column":5}},"61":{"start":{"line":62,"column":0},"end":{"line":62,"column":3}},"63":{"start":{"line":64,"column":0},"end":{"line":64,"column":16}},"64":{"start":{"line":65,"column":0},"end":{"line":65,"column":1}}},"s":{"0":1,"17":1,"40":1,"41":12,"42":12,"43":12,"44":12,"45":12,"46":10,"47":10,"49":10,"50":35,"51":35,"52":34,"53":33,"54":33,"55":424,"56":424,"57":424,"58":424,"59":424,"60":424,"61":33,"63":10,"64":10},"branchMap":{"0":{"type":"branch","line":41,"loc":{"start":{"line":41,"column":7},"end":{"line":65,"column":1}},"locations":[{"start":{"line":41,"column":7},"end":{"line":65,"column":1}}]},"1":{"type":"branch","line":46,"loc":{"start":{"line":46,"column":28},"end":{"line":46,"column":37}},"locations":[{"start":{"line":46,"column":28},"end":{"line":46,"column":37}}]},"2":{"type":"branch","line":46,"loc":{"start":{"line":46,"column":36},"end":{"line":65,"column":1}},"locations":[{"start":{"line":46,"column":36},"end":{"line":65,"column":1}}]},"3":{"type":"branch","line":50,"loc":{"start":{"line":50,"column":32},"end":{"line":62,"column":3}},"locations":[{"start":{"line":50,"column":32},"end":{"line":62,"column":3}}]},"4":{"type":"branch","line":52,"loc":{"start":{"line":52,"column":15},"end":{"line":52,"column":23}},"locations":[{"start":{"line":52,"column":15},"end":{"line":52,"column":23}}]},"5":{"type":"branch","line":52,"loc":{"start":{"line":52,"column":15},"end":{"line":53,"column":38}},"locations":[{"start":{"line":52,"column":15},"end":{"line":53,"column":38}}]},"6":{"type":"branch","line":53,"loc":{"start":{"line":53,"column":30},"end":{"line":53,"column":38}},"locations":[{"start":{"line":53,"column":30},"end":{"line":53,"column":38}}]},"7":{"type":"branch","line":53,"loc":{"start":{"line":53,"column":30},"end":{"line":62,"column":3}},"locations":[{"start":{"line":53,"column":30},"end":{"line":62,"column":3}}]},"8":{"type":"branch","line":55,"loc":{"start":{"line":55,"column":33},"end":{"line":61,"column":5}},"locations":[{"start":{"line":55,"column":33},"end":{"line":61,"column":5}}]},"9":{"type":"branch","line":47,"loc":{"start":{"line":47,"column":52},"end":{"line":47,"column":71}},"locations":[{"start":{"line":47,"column":52},"end":{"line":47,"column":71}}]}},"b":{"0":[12],"1":[2],"2":[10],"3":[35],"4":[1],"5":[34],"6":[1],"7":[33],"8":[424],"9":[35]},"fnMap":{"0":{"name":"stepDownAllocate","decl":{"start":{"line":41,"column":7},"end":{"line":65,"column":1}},"loc":{"start":{"line":41,"column":7},"end":{"line":65,"column":1}},"line":41}},"f":{"0":12}}
,"D:\\cost-accounting\\lib\\close\\workflow.ts": {"path":"D:\\cost-accounting\\lib\\close\\workflow.ts","all":false,"statementMap":{"0":{"start":{"line":1,"column":0},"end":{"line":1,"column":83}},"39":{"start":{"line":40,"column":0},"end":{"line":40,"column":39}},"40":{"start":{"line":41,"column":0},"end":{"line":41,"column":23}},"41":{"start":{"line":42,"column":0},"end":{"line":42,"column":19}},"42":{"start":{"line":43,"column":0},"end":{"line":43,"column":27}},"43":{"start":{"line":44,"column":0},"end":{"line":44,"column":25}},"45":{"start":{"line":46,"column":0},"end":{"line":46,"column":76}},"46":{"start":{"line":47,"column":0},"end":{"line":47,"column":63}},"47":{"start":{"line":48,"column":0},"end":{"line":48,"column":89}},"49":{"start":{"line":50,"column":0},"end":{"line":50,"column":30}},"55":{"start":{"line":56,"column":0},"end":{"line":56,"column":80}},"56":{"start":{"line":57,"column":0},"end":{"line":57,"column":91}},"58":{"start":{"line":59,"column":0},"end":{"line":59,"column":57}},"59":{"start":{"line":60,"column":0},"end":{"line":60,"column":25}},"60":{"start":{"line":61,"column":0},"end":{"line":61,"column":36}},"61":{"start":{"line":62,"column":0},"end":{"line":62,"column":42}},"62":{"start":{"line":63,"column":0},"end":{"line":63,"column":47}},"63":{"start":{"line":64,"column":0},"end":{"line":64,"column":8}},"64":{"start":{"line":65,"column":0},"end":{"line":65,"column":18}},"67":{"start":{"line":68,"column":0},"end":{"line":68,"column":70}},"68":{"start":{"line":69,"column":0},"end":{"line":69,"column":23}},"69":{"start":{"line":70,"column":0},"end":{"line":70,"column":31}},"70":{"start":{"line":71,"column":0},"end":{"line":71,"column":5}},"71":{"start":{"line":72,"column":0},"end":{"line":72,"column":61}},"72":{"start":{"line":73,"column":0},"end":{"line":73,"column":27}},"73":{"start":{"line":74,"column":0},"end":{"line":74,"column":35}},"74":{"start":{"line":75,"column":0},"end":{"line":75,"column":31}},"75":{"start":{"line":76,"column":0},"end":{"line":76,"column":25}},"76":{"start":{"line":77,"column":0},"end":{"line":77,"column":5}},"77":{"start":{"line":78,"column":0},"end":{"line":78,"column":63}},"80":{"start":{"line":81,"column":0},"end":{"line":81,"column":90}},"82":{"start":{"line":83,"column":0},"end":{"line":83,"column":77}},"83":{"start":{"line":84,"column":0},"end":{"line":84,"column":35}},"84":{"start":{"line":85,"column":0},"end":{"line":85,"column":31}},"85":{"start":{"line":86,"column":0},"end":{"line":86,"column":31}},"86":{"start":{"line":87,"column":0},"end":{"line":87,"column":5}},"87":{"start":{"line":88,"column":0},"end":{"line":88,"column":58}},"88":{"start":{"line":89,"column":0},"end":{"line":89,"column":42}},"91":{"start":{"line":92,"column":0},"end":{"line":92,"column":81}},"93":{"start":{"line":94,"column":0},"end":{"line":94,"column":38}},"94":{"start":{"line":95,"column":0},"end":{"line":95,"column":49}},"95":{"start":{"line":96,"column":0},"end":{"line":96,"column":8}},"98":{"start":{"line":99,"column":0},"end":{"line":99,"column":74}},"99":{"start":{"line":100,"column":0},"end":{"line":100,"column":66}},"100":{"start":{"line":101,"column":0},"end":{"line":101,"column":13}},"101":{"start":{"line":102,"column":0},"end":{"line":102,"column":17}},"102":{"start":{"line":103,"column":0},"end":{"line":103,"column":15}},"103":{"start":{"line":104,"column":0},"end":{"line":104,"column":22}},"104":{"start":{"line":105,"column":0},"end":{"line":105,"column":23}},"105":{"start":{"line":106,"column":0},"end":{"line":106,"column":18}},"106":{"start":{"line":107,"column":0},"end":{"line":107,"column":8}},"107":{"start":{"line":108,"column":0},"end":{"line":108,"column":6}},"109":{"start":{"line":110,"column":0},"end":{"line":110,"column":33}},"110":{"start":{"line":111,"column":0},"end":{"line":111,"column":44}},"111":{"start":{"line":112,"column":0},"end":{"line":112,"column":39}},"112":{"start":{"line":113,"column":0},"end":{"line":113,"column":28}},"113":{"start":{"line":114,"column":0},"end":{"line":114,"column":41}},"114":{"start":{"line":115,"column":0},"end":{"line":115,"column":37}},"115":{"start":{"line":116,"column":0},"end":{"line":116,"column":27}},"116":{"start":{"line":117,"column":0},"end":{"line":117,"column":12}},"117":{"start":{"line":118,"column":0},"end":{"line":118,"column":8}},"118":{"start":{"line":119,"column":0},"end":{"line":119,"column":5}},"120":{"start":{"line":121,"column":0},"end":{"line":121,"column":17}},"121":{"start":{"line":122,"column":0},"end":{"line":122,"column":37}},"122":{"start":{"line":123,"column":0},"end":{"line":123,"column":56}},"123":{"start":{"line":124,"column":0},"end":{"line":124,"column":44}},"124":{"start":{"line":125,"column":0},"end":{"line":125,"column":19}},"125":{"start":{"line":126,"column":0},"end":{"line":126,"column":32}},"126":{"start":{"line":127,"column":0},"end":{"line":127,"column":28}},"127":{"start":{"line":128,"column":0},"end":{"line":128,"column":38}},"128":{"start":{"line":129,"column":0},"end":{"line":129,"column":26}},"129":{"start":{"line":130,"column":0},"end":{"line":130,"column":40}},"130":{"start":{"line":131,"column":0},"end":{"line":131,"column":34}},"131":{"start":{"line":132,"column":0},"end":{"line":132,"column":28}},"132":{"start":{"line":133,"column":0},"end":{"line":133,"column":34}},"133":{"start":{"line":134,"column":0},"end":{"line":134,"column":12}},"134":{"start":{"line":135,"column":0},"end":{"line":135,"column":8}},"135":{"start":{"line":136,"column":0},"end":{"line":136,"column":26}},"136":{"start":{"line":137,"column":0},"end":{"line":137,"column":5}},"138":{"start":{"line":139,"column":0},"end":{"line":139,"column":28}},"139":{"start":{"line":140,"column":0},"end":{"line":140,"column":30}},"140":{"start":{"line":141,"column":0},"end":{"line":141,"column":55}},"141":{"start":{"line":142,"column":0},"end":{"line":142,"column":6}},"143":{"start":{"line":144,"column":0},"end":{"line":144,"column":49}},"144":{"start":{"line":145,"column":0},"end":{"line":145,"column":4}},"146":{"start":{"line":147,"column":0},"end":{"line":147,"column":10}},"147":{"start":{"line":148,"column":0},"end":{"line":148,"column":13}},"148":{"start":{"line":149,"column":0},"end":{"line":149,"column":21}},"149":{"start":{"line":150,"column":0},"end":{"line":150,"column":28}},"150":{"start":{"line":151,"column":0},"end":{"line":151,"column":18}},"151":{"start":{"line":152,"column":0},"end":{"line":152,"column":3}},"152":{"start":{"line":153,"column":0},"end":{"line":153,"column":1}},"157":{"start":{"line":158,"column":0},"end":{"line":158,"column":35}},"158":{"start":{"line":159,"column":0},"end":{"line":159,"column":23}},"159":{"start":{"line":160,"column":0},"end":{"line":160,"column":19}},"160":{"start":{"line":161,"column":0},"end":{"line":161,"column":55}},"161":{"start":{"line":162,"column":0},"end":{"line":162,"column":58}},"162":{"start":{"line":163,"column":0},"end":{"line":163,"column":31}},"163":{"start":{"line":164,"column":0},"end":{"line":164,"column":26}},"164":{"start":{"line":165,"column":0},"end":{"line":165,"column":16}},"165":{"start":{"line":166,"column":0},"end":{"line":166,"column":50}},"166":{"start":{"line":167,"column":0},"end":{"line":167,"column":49}},"167":{"start":{"line":168,"column":0},"end":{"line":168,"column":8}},"168":{"start":{"line":169,"column":0},"end":{"line":169,"column":7}},"169":{"start":{"line":170,"column":0},"end":{"line":170,"column":36}},"170":{"start":{"line":171,"column":0},"end":{"line":171,"column":64}},"171":{"start":{"line":172,"column":0},"end":{"line":172,"column":7}},"172":{"start":{"line":173,"column":0},"end":{"line":173,"column":4}},"174":{"start":{"line":175,"column":0},"end":{"line":175,"column":50}},"175":{"start":{"line":176,"column":0},"end":{"line":176,"column":13}},"176":{"start":{"line":177,"column":0},"end":{"line":177,"column":31}},"177":{"start":{"line":178,"column":0},"end":{"line":178,"column":44}},"178":{"start":{"line":179,"column":0},"end":{"line":179,"column":27}},"179":{"start":{"line":180,"column":0},"end":{"line":180,"column":42}},"180":{"start":{"line":181,"column":0},"end":{"line":181,"column":17}},"181":{"start":{"line":182,"column":0},"end":{"line":182,"column":19}},"182":{"start":{"line":183,"column":0},"end":{"line":183,"column":33}},"183":{"start":{"line":184,"column":0},"end":{"line":184,"column":25}},"184":{"start":{"line":185,"column":0},"end":{"line":185,"column":5}},"186":{"start":{"line":187,"column":0},"end":{"line":187,"column":56}},"187":{"start":{"line":188,"column":0},"end":{"line":188,"column":1}},"190":{"start":{"line":191,"column":0},"end":{"line":191,"column":28}},"191":{"start":{"line":192,"column":0},"end":{"line":192,"column":27}},"192":{"start":{"line":193,"column":0},"end":{"line":193,"column":19}},"193":{"start":{"line":194,"column":0},"end":{"line":194,"column":16}},"194":{"start":{"line":195,"column":0},"end":{"line":195,"column":26}},"195":{"start":{"line":196,"column":0},"end":{"line":196,"column":21}},"196":{"start":{"line":197,"column":0},"end":{"line":197,"column":31}},"197":{"start":{"line":198,"column":0},"end":{"line":198,"column":26}},"198":{"start":{"line":199,"column":0},"end":{"line":199,"column":69}},"199":{"start":{"line":200,"column":0},"end":{"line":200,"column":60}},"200":{"start":{"line":201,"column":0},"end":{"line":201,"column":30}},"201":{"start":{"line":202,"column":0},"end":{"line":202,"column":53}},"202":{"start":{"line":203,"column":0},"end":{"line":203,"column":3}},"204":{"start":{"line":205,"column":0},"end":{"line":205,"column":38}},"205":{"start":{"line":206,"column":0},"end":{"line":206,"column":64}},"206":{"start":{"line":207,"column":0},"end":{"line":207,"column":29}},"207":{"start":{"line":208,"column":0},"end":{"line":208,"column":38}},"208":{"start":{"line":209,"column":0},"end":{"line":209,"column":43}},"210":{"start":{"line":211,"column":0},"end":{"line":211,"column":65}},"211":{"start":{"line":212,"column":0},"end":{"line":212,"column":84}},"212":{"start":{"line":213,"column":0},"end":{"line":213,"column":34}},"213":{"start":{"line":214,"column":0},"end":{"line":214,"column":20}},"214":{"start":{"line":215,"column":0},"end":{"line":215,"column":34}},"215":{"start":{"line":216,"column":0},"end":{"line":216,"column":33}},"216":{"start":{"line":217,"column":0},"end":{"line":217,"column":25}},"217":{"start":{"line":218,"column":0},"end":{"line":218,"column":8}},"218":{"start":{"line":219,"column":0},"end":{"line":219,"column":5}},"219":{"start":{"line":220,"column":0},"end":{"line":220,"column":3}},"220":{"start":{"line":221,"column":0},"end":{"line":221,"column":16}},"221":{"start":{"line":222,"column":0},"end":{"line":222,"column":1}}},"s":{"0":1,"39":14,"40":14,"41":14,"42":14,"43":14,"45":14,"46":14,"47":14,"49":12,"55":12,"56":14,"58":14,"59":0,"60":0,"61":0,"62":0,"63":0,"64":12,"67":14,"68":0,"69":0,"70":14,"71":14,"72":0,"73":0,"74":0,"75":0,"76":14,"77":14,"80":14,"82":14,"83":0,"84":0,"85":0,"86":14,"87":14,"88":14,"91":14,"93":14,"94":1,"95":11,"98":14,"99":12,"100":12,"101":12,"102":12,"103":12,"104":12,"105":12,"106":12,"107":12,"109":12,"110":0,"111":0,"112":0,"113":0,"114":0,"115":0,"116":0,"117":0,"118":0,"120":12,"121":12,"122":1,"123":1,"124":2,"125":2,"126":2,"127":2,"128":2,"129":2,"130":2,"131":2,"132":2,"133":1,"134":1,"135":1,"136":1,"138":12,"139":12,"140":12,"141":12,"143":12,"144":14,"146":12,"147":12,"148":12,"149":12,"150":12,"151":12,"152":12,"157":1,"158":1,"159":1,"160":1,"161":1,"162":1,"163":1,"164":1,"165":1,"166":1,"167":1,"168":1,"169":1,"170":1,"171":1,"172":1,"174":1,"175":1,"176":1,"177":1,"178":1,"179":1,"180":1,"181":1,"182":1,"183":1,"184":1,"186":1,"187":1,"190":12,"191":12,"192":12,"193":12,"194":12,"195":12,"196":12,"197":1,"198":1,"199":1,"200":1,"201":1,"202":1,"204":11,"205":11,"206":12,"207":0,"208":0,"210":0,"211":0,"212":0,"213":0,"214":0,"215":0,"216":0,"217":0,"218":0,"219":0,"220":11,"221":11},"branchMap":{"0":{"type":"branch","line":40,"loc":{"start":{"line":40,"column":0},"end":{"line":153,"column":1}},"locations":[{"start":{"line":40,"column":0},"end":{"line":153,"column":1}}]},"1":{"type":"branch","line":47,"loc":{"start":{"line":47,"column":15},"end":{"line":47,"column":63}},"locations":[{"start":{"line":47,"column":15},"end":{"line":47,"column":63}}]},"2":{"type":"branch","line":47,"loc":{"start":{"line":47,"column":62},"end":{"line":48,"column":40}},"locations":[{"start":{"line":47,"column":62},"end":{"line":48,"column":40}}]},"3":{"type":"branch","line":48,"loc":{"start":{"line":48,"column":34},"end":{"line":48,"column":89}},"locations":[{"start":{"line":48,"column":34},"end":{"line":48,"column":89}}]},"4":{"type":"branch","line":48,"loc":{"start":{"line":48,"column":88},"end":{"line":57,"column":65}},"locations":[{"start":{"line":48,"column":88},"end":{"line":57,"column":65}}]},"5":{"type":"branch","line":57,"loc":{"start":{"line":57,"column":61},"end":{"line":57,"column":81}},"locations":[{"start":{"line":57,"column":61},"end":{"line":57,"column":81}}]},"6":{"type":"branch","line":59,"loc":{"start":{"line":59,"column":40},"end":{"line":64,"column":8}},"locations":[{"start":{"line":59,"column":40},"end":{"line":64,"column":8}}]},"7":{"type":"branch","line":64,"loc":{"start":{"line":64,"column":7},"end":{"line":65,"column":18}},"locations":[{"start":{"line":64,"column":7},"end":{"line":65,"column":18}}]},"8":{"type":"branch","line":92,"loc":{"start":{"line":92,"column":51},"end":{"line":92,"column":71}},"locations":[{"start":{"line":92,"column":51},"end":{"line":92,"column":71}}]},"9":{"type":"branch","line":94,"loc":{"start":{"line":94,"column":26},"end":{"line":95,"column":49}},"locations":[{"start":{"line":94,"column":26},"end":{"line":95,"column":49}}]},"10":{"type":"branch","line":95,"loc":{"start":{"line":95,"column":48},"end":{"line":96,"column":8}},"locations":[{"start":{"line":95,"column":48},"end":{"line":96,"column":8}}]},"11":{"type":"branch","line":145,"loc":{"start":{"line":145,"column":3},"end":{"line":153,"column":1}},"locations":[{"start":{"line":145,"column":3},"end":{"line":153,"column":1}}]},"12":{"type":"branch","line":99,"loc":{"start":{"line":99,"column":59},"end":{"line":145,"column":3}},"locations":[{"start":{"line":99,"column":59},"end":{"line":145,"column":3}}]},"13":{"type":"branch","line":110,"loc":{"start":{"line":110,"column":32},"end":{"line":119,"column":5}},"locations":[{"start":{"line":110,"column":32},"end":{"line":119,"column":5}}]},"14":{"type":"branch","line":122,"loc":{"start":{"line":122,"column":36},"end":{"line":137,"column":5}},"locations":[{"start":{"line":122,"column":36},"end":{"line":137,"column":5}}]},"15":{"type":"branch","line":124,"loc":{"start":{"line":124,"column":34},"end":{"line":134,"column":10}},"locations":[{"start":{"line":124,"column":34},"end":{"line":134,"column":10}}]},"16":{"type":"branch","line":158,"loc":{"start":{"line":158,"column":0},"end":{"line":188,"column":1}},"locations":[{"start":{"line":158,"column":0},"end":{"line":188,"column":1}}]},"17":{"type":"branch","line":175,"loc":{"start":{"line":175,"column":41},"end":{"line":185,"column":4}},"locations":[{"start":{"line":175,"column":41},"end":{"line":185,"column":4}}]},"18":{"type":"branch","line":191,"loc":{"start":{"line":191,"column":0},"end":{"line":222,"column":1}},"locations":[{"start":{"line":191,"column":0},"end":{"line":222,"column":1}}]},"19":{"type":"branch","line":197,"loc":{"start":{"line":197,"column":30},"end":{"line":203,"column":3}},"locations":[{"start":{"line":197,"column":30},"end":{"line":203,"column":3}}]},"20":{"type":"branch","line":203,"loc":{"start":{"line":203,"column":2},"end":{"line":207,"column":28}},"locations":[{"start":{"line":203,"column":2},"end":{"line":207,"column":28}}]},"21":{"type":"branch","line":207,"loc":{"start":{"line":207,"column":28},"end":{"line":220,"column":3}},"locations":[{"start":{"line":207,"column":28},"end":{"line":220,"column":3}}]},"22":{"type":"branch","line":220,"loc":{"start":{"line":220,"column":2},"end":{"line":222,"column":1}},"locations":[{"start":{"line":220,"column":2},"end":{"line":222,"column":1}}]}},"b":{"0":[14],"1":[1],"2":[13],"3":[1],"4":[12],"5":[0],"6":[0],"7":[12],"8":[1],"9":[1],"10":[11],"11":[12],"12":[12],"13":[0],"14":[1],"15":[2],"16":[1],"17":[1],"18":[12],"19":[1],"20":[11],"21":[0],"22":[11]},"fnMap":{"0":{"name":"runCloseWorkflow","decl":{"start":{"line":40,"column":0},"end":{"line":153,"column":1}},"loc":{"start":{"line":40,"column":0},"end":{"line":153,"column":1}},"line":40},"1":{"name":"loadTransferEntries","decl":{"start":{"line":158,"column":0},"end":{"line":188,"column":1}},"loc":{"start":{"line":158,"column":0},"end":{"line":188,"column":1}},"line":158},"2":{"name":"computeAllocations","decl":{"start":{"line":191,"column":0},"end":{"line":222,"column":1}},"loc":{"start":{"line":191,"column":0},"end":{"line":222,"column":1}},"line":191}},"f":{"0":14,"1":1,"2":12}}
,"D:\\cost-accounting\\lib\\export\\csv.ts": {"path":"D:\\cost-accounting\\lib\\export\\csv.ts","all":false,"statementMap":{"10":{"start":{"line":11,"column":0},"end":{"line":11,"column":83}},"11":{"start":{"line":12,"column":0},"end":{"line":12,"column":44}},"12":{"start":{"line":13,"column":0},"end":{"line":13,"column":46}},"13":{"start":{"line":14,"column":0},"end":{"line":14,"column":71}},"14":{"start":{"line":15,"column":0},"end":{"line":15,"column":38}},"15":{"start":{"line":16,"column":0},"end":{"line":16,"column":11}},"16":{"start":{"line":17,"column":0},"end":{"line":17,"column":3}},"18":{"start":{"line":19,"column":0},"end":{"line":19,"column":34}},"19":{"start":{"line":20,"column":0},"end":{"line":20,"column":19}},"20":{"start":{"line":21,"column":0},"end":{"line":21,"column":67}},"21":{"start":{"line":22,"column":0},"end":{"line":22,"column":15}},"23":{"start":{"line":24,"column":0},"end":{"line":24,"column":29}},"24":{"start":{"line":25,"column":0},"end":{"line":25,"column":1}},"30":{"start":{"line":31,"column":0},"end":{"line":31,"column":70}},"31":{"start":{"line":32,"column":0},"end":{"line":32,"column":71}},"32":{"start":{"line":33,"column":0},"end":{"line":33,"column":39}},"33":{"start":{"line":34,"column":0},"end":{"line":34,"column":39}},"34":{"start":{"line":35,"column":0},"end":{"line":35,"column":14}},"35":{"start":{"line":36,"column":0},"end":{"line":36,"column":23}},"36":{"start":{"line":37,"column":0},"end":{"line":37,"column":11}},"37":{"start":{"line":38,"column":0},"end":{"line":38,"column":26}},"38":{"start":{"line":39,"column":0},"end":{"line":39,"column":1}}},"s":{"10":1,"11":11,"12":31,"13":31,"14":3,"15":28,"16":31,"18":11,"19":11,"20":11,"21":11,"23":11,"24":11,"30":1,"31":0,"32":0,"33":0,"34":0,"35":0,"36":0,"37":0,"38":0},"branchMap":{"0":{"type":"branch","line":11,"loc":{"start":{"line":11,"column":7},"end":{"line":25,"column":1}},"locations":[{"start":{"line":11,"column":7},"end":{"line":25,"column":1}}]},"1":{"type":"branch","line":12,"loc":{"start":{"line":12,"column":17},"end":{"line":17,"column":3}},"locations":[{"start":{"line":12,"column":17},"end":{"line":17,"column":3}}]},"2":{"type":"branch","line":13,"loc":{"start":{"line":13,"column":23},"end":{"line":13,"column":35}},"locations":[{"start":{"line":13,"column":23},"end":{"line":13,"column":35}}]},"3":{"type":"branch","line":13,"loc":{"start":{"line":13,"column":30},"end":{"line":13,"column":46}},"locations":[{"start":{"line":13,"column":30},"end":{"line":13,"column":46}}]},"4":{"type":"branch","line":14,"loc":{"start":{"line":14,"column":27},"end":{"line":14,"column":53}},"locations":[{"start":{"line":14,"column":27},"end":{"line":14,"column":53}}]},"5":{"type":"branch","line":14,"loc":{"start":{"line":14,"column":48},"end":{"line":14,"column":71}},"locations":[{"start":{"line":14,"column":48},"end":{"line":14,"column":71}}]},"6":{"type":"branch","line":14,"loc":{"start":{"line":14,"column":70},"end":{"line":15,"column":38}},"locations":[{"start":{"line":14,"column":70},"end":{"line":15,"column":38}}]},"7":{"type":"branch","line":15,"loc":{"start":{"line":15,"column":35},"end":{"line":16,"column":11}},"locations":[{"start":{"line":15,"column":35},"end":{"line":16,"column":11}}]},"8":{"type":"branch","line":21,"loc":{"start":{"line":21,"column":9},"end":{"line":21,"column":66}},"locations":[{"start":{"line":21,"column":9},"end":{"line":21,"column":66}}]},"9":{"type":"branch","line":21,"loc":{"start":{"line":21,"column":30},"end":{"line":21,"column":55}},"locations":[{"start":{"line":21,"column":30},"end":{"line":21,"column":55}}]}},"b":{"0":[11],"1":[31],"2":[4],"3":[27],"4":[30],"5":[29],"6":[3],"7":[28],"8":[11],"9":[31]},"fnMap":{"0":{"name":"toCsv","decl":{"start":{"line":11,"column":7},"end":{"line":25,"column":1}},"loc":{"start":{"line":11,"column":7},"end":{"line":25,"column":1}},"line":11},"1":{"name":"escape","decl":{"start":{"line":12,"column":17},"end":{"line":17,"column":3}},"loc":{"start":{"line":12,"column":17},"end":{"line":17,"column":3}},"line":12},"2":{"name":"downloadCsv","decl":{"start":{"line":31,"column":7},"end":{"line":39,"column":1}},"loc":{"start":{"line":31,"column":7},"end":{"line":39,"column":1}},"line":31}},"f":{"0":11,"1":31,"2":0}}
,"D:\\cost-accounting\\lib\\export\\xlsx.ts": {"path":"D:\\cost-accounting\\lib\\export\\xlsx.ts","all":true,"statementMap":{"0":{"start":{"line":1,"column":0},"end":{"line":1,"column":82}}},"s":{"0":0},"branchMap":{"0":{"type":"branch","line":1,"loc":{"start":{"line":1,"column":122},"end":{"line":2,"column":39}},"locations":[{"start":{"line":1,"column":122},"end":{"line":2,"column":39}}]}},"b":{"0":[0]},"fnMap":{"0":{"name":"(empty-report)","decl":{"start":{"line":1,"column":122},"end":{"line":2,"column":39}},"loc":{"start":{"line":1,"column":122},"end":{"line":2,"column":39}},"line":1}},"f":{"0":0}}
,"D:\\cost-accounting\\lib\\transfer\\engine.ts": {"path":"D:\\cost-accounting\\lib\\transfer\\engine.ts","all":false,"statementMap":{"0":{"start":{"line":1,"column":0},"end":{"line":1,"column":56}},"40":{"start":{"line":41,"column":0},"end":{"line":41,"column":39}},"41":{"start":{"line":42,"column":0},"end":{"line":42,"column":23}},"42":{"start":{"line":43,"column":0},"end":{"line":43,"column":34}},"43":{"start":{"line":44,"column":0},"end":{"line":44,"column":20}},"44":{"start":{"line":45,"column":0},"end":{"line":45,"column":36}},"46":{"start":{"line":47,"column":0},"end":{"line":47,"column":32}},"47":{"start":{"line":48,"column":0},"end":{"line":48,"column":78}},"49":{"start":{"line":50,"column":0},"end":{"line":50,"column":33}},"50":{"start":{"line":51,"column":0},"end":{"line":51,"column":14}},"51":{"start":{"line":52,"column":0},"end":{"line":52,"column":5}},"53":{"start":{"line":54,"column":0},"end":{"line":54,"column":65}},"54":{"start":{"line":55,"column":0},"end":{"line":55,"column":55}},"55":{"start":{"line":56,"column":0},"end":{"line":56,"column":87}},"57":{"start":{"line":58,"column":0},"end":{"line":58,"column":20}},"58":{"start":{"line":59,"column":0},"end":{"line":59,"column":25}},"59":{"start":{"line":60,"column":0},"end":{"line":60,"column":24}},"60":{"start":{"line":61,"column":0},"end":{"line":61,"column":37}},"61":{"start":{"line":62,"column":0},"end":{"line":62,"column":25}},"62":{"start":{"line":63,"column":0},"end":{"line":63,"column":45}},"63":{"start":{"line":64,"column":0},"end":{"line":64,"column":16}},"64":{"start":{"line":65,"column":0},"end":{"line":65,"column":13}},"65":{"start":{"line":66,"column":0},"end":{"line":66,"column":5}},"67":{"start":{"line":68,"column":0},"end":{"line":68,"column":51}},"68":{"start":{"line":69,"column":0},"end":{"line":69,"column":51}},"69":{"start":{"line":70,"column":0},"end":{"line":70,"column":3}},"71":{"start":{"line":72,"column":0},"end":{"line":72,"column":15}},"72":{"start":{"line":73,"column":0},"end":{"line":73,"column":1}}},"s":{"0":1,"40":1,"41":7,"42":7,"43":7,"44":7,"46":7,"47":10,"49":10,"50":1,"51":1,"53":9,"54":9,"55":9,"57":9,"58":9,"59":9,"60":9,"61":9,"62":9,"63":9,"64":9,"65":9,"67":9,"68":9,"69":9,"71":6,"72":6},"branchMap":{"0":{"type":"branch","line":41,"loc":{"start":{"line":41,"column":7},"end":{"line":73,"column":1}},"locations":[{"start":{"line":41,"column":7},"end":{"line":73,"column":1}}]},"1":{"type":"branch","line":47,"loc":{"start":{"line":47,"column":31},"end":{"line":70,"column":3}},"locations":[{"start":{"line":47,"column":31},"end":{"line":70,"column":3}}]},"2":{"type":"branch","line":50,"loc":{"start":{"line":50,"column":32},"end":{"line":52,"column":5}},"locations":[{"start":{"line":50,"column":32},"end":{"line":52,"column":5}}]},"3":{"type":"branch","line":52,"loc":{"start":{"line":52,"column":4},"end":{"line":70,"column":3}},"locations":[{"start":{"line":52,"column":4},"end":{"line":70,"column":3}}]},"4":{"type":"branch","line":70,"loc":{"start":{"line":70,"column":2},"end":{"line":73,"column":1}},"locations":[{"start":{"line":70,"column":2},"end":{"line":73,"column":1}}]}},"b":{"0":[7],"1":[10],"2":[1],"3":[9],"4":[6]},"fnMap":{"0":{"name":"computeTransferEntries","decl":{"start":{"line":41,"column":7},"end":{"line":73,"column":1}},"loc":{"start":{"line":41,"column":7},"end":{"line":73,"column":1}},"line":41}},"f":{"0":7}}
,"D:\\cost-accounting\\lib\\transfer\\rate.ts": {"path":"D:\\cost-accounting\\lib\\transfer\\rate.ts","all":false,"statementMap":{"17":{"start":{"line":18,"column":0},"end":{"line":18,"column":30}},"18":{"start":{"line":19,"column":0},"end":{"line":19,"column":19}},"19":{"start":{"line":20,"column":0},"end":{"line":20,"column":17}},"20":{"start":{"line":21,"column":0},"end":{"line":21,"column":34}},"21":{"start":{"line":22,"column":0},"end":{"line":22,"column":12}},"22":{"start":{"line":23,"column":0},"end":{"line":23,"column":29}},"23":{"start":{"line":24,"column":0},"end":{"line":24,"column":58}},"24":{"start":{"line":25,"column":0},"end":{"line":25,"column":3}},"25":{"start":{"line":26,"column":0},"end":{"line":26,"column":15}},"26":{"start":{"line":27,"column":0},"end":{"line":27,"column":20}},"27":{"start":{"line":28,"column":0},"end":{"line":28,"column":71}},"28":{"start":{"line":29,"column":0},"end":{"line":29,"column":5}},"29":{"start":{"line":30,"column":0},"end":{"line":30,"column":3}},"30":{"start":{"line":31,"column":0},"end":{"line":31,"column":24}},"31":{"start":{"line":32,"column":0},"end":{"line":32,"column":1}}},"s":{"17":1,"18":9,"19":9,"20":9,"21":9,"22":9,"23":9,"24":9,"25":9,"26":1,"27":1,"28":1,"29":1,"30":8,"31":8},"branchMap":{"0":{"type":"branch","line":18,"loc":{"start":{"line":18,"column":7},"end":{"line":32,"column":1}},"locations":[{"start":{"line":18,"column":7},"end":{"line":32,"column":1}}]},"1":{"type":"branch","line":26,"loc":{"start":{"line":26,"column":14},"end":{"line":30,"column":3}},"locations":[{"start":{"line":26,"column":14},"end":{"line":30,"column":3}}]},"2":{"type":"branch","line":30,"loc":{"start":{"line":30,"column":2},"end":{"line":32,"column":1}},"locations":[{"start":{"line":30,"column":2},"end":{"line":32,"column":1}}]},"3":{"type":"branch","line":24,"loc":{"start":{"line":24,"column":4},"end":{"line":24,"column":58}},"locations":[{"start":{"line":24,"column":4},"end":{"line":24,"column":58}}]},"4":{"type":"branch","line":24,"loc":{"start":{"line":24,"column":26},"end":{"line":24,"column":58}},"locations":[{"start":{"line":24,"column":26},"end":{"line":24,"column":58}}]}},"b":{"0":[9],"1":[1],"2":[8],"3":[10],"4":[8]},"fnMap":{"0":{"name":"resolveMarkup","decl":{"start":{"line":18,"column":7},"end":{"line":32,"column":1}},"loc":{"start":{"line":18,"column":7},"end":{"line":32,"column":1}},"line":18}},"f":{"0":9}}
,"D:\\cost-accounting\\lib\\variance\\decompose.ts": {"path":"D:\\cost-accounting\\lib\\variance\\decompose.ts","all":false,"statementMap":{"0":{"start":{"line":1,"column":0},"end":{"line":1,"column":56}},"44":{"start":{"line":45,"column":0},"end":{"line":45,"column":34}},"45":{"start":{"line":46,"column":0},"end":{"line":46,"column":23}},"46":{"start":{"line":47,"column":0},"end":{"line":47,"column":23}},"47":{"start":{"line":48,"column":0},"end":{"line":48,"column":23}},"48":{"start":{"line":49,"column":0},"end":{"line":49,"column":23}},"50":{"start":{"line":51,"column":0},"end":{"line":51,"column":28}},"51":{"start":{"line":52,"column":0},"end":{"line":52,"column":68}},"52":{"start":{"line":53,"column":0},"end":{"line":53,"column":3}},"55":{"start":{"line":56,"column":0},"end":{"line":56,"column":29}},"56":{"start":{"line":57,"column":0},"end":{"line":57,"column":65}},"57":{"start":{"line":58,"column":0},"end":{"line":58,"column":3}},"60":{"start":{"line":61,"column":0},"end":{"line":61,"column":26}},"61":{"start":{"line":62,"column":0},"end":{"line":62,"column":80}},"62":{"start":{"line":63,"column":0},"end":{"line":63,"column":3}},"65":{"start":{"line":66,"column":0},"end":{"line":66,"column":33}},"66":{"start":{"line":67,"column":0},"end":{"line":67,"column":66}},"67":{"start":{"line":68,"column":0},"end":{"line":68,"column":3}},"71":{"start":{"line":72,"column":0},"end":{"line":72,"column":30}},"72":{"start":{"line":73,"column":0},"end":{"line":73,"column":39}},"73":{"start":{"line":74,"column":0},"end":{"line":74,"column":36}},"74":{"start":{"line":75,"column":0},"end":{"line":75,"column":33}},"75":{"start":{"line":76,"column":0},"end":{"line":76,"column":41}},"76":{"start":{"line":77,"column":0},"end":{"line":77,"column":3}},"78":{"start":{"line":79,"column":0},"end":{"line":79,"column":40}},"80":{"start":{"line":81,"column":0},"end":{"line":81,"column":92}},"81":{"start":{"line":82,"column":0},"end":{"line":82,"column":1}}},"s":{"0":1,"44":1,"45":6,"46":6,"47":6,"48":6,"50":6,"51":6,"52":6,"55":6,"56":6,"57":6,"60":6,"61":6,"62":6,"65":6,"66":6,"67":6,"71":6,"72":6,"73":6,"74":6,"75":6,"76":6,"78":6,"80":6,"81":6},"branchMap":{"0":{"type":"branch","line":45,"loc":{"start":{"line":45,"column":7},"end":{"line":82,"column":1}},"locations":[{"start":{"line":45,"column":7},"end":{"line":82,"column":1}}]}},"b":{"0":[6]},"fnMap":{"0":{"name":"decomposeVariance","decl":{"start":{"line":45,"column":7},"end":{"line":82,"column":1}},"loc":{"start":{"line":45,"column":7},"end":{"line":82,"column":1}},"line":45}},"f":{"0":6}}
,"D:\\cost-accounting\\lib\\variance\\reconcile.ts": {"path":"D:\\cost-accounting\\lib\\variance\\reconcile.ts","all":false,"statementMap":{"0":{"start":{"line":1,"column":0},"end":{"line":1,"column":56}},"5":{"start":{"line":6,"column":0},"end":{"line":6,"column":47}},"12":{"start":{"line":13,"column":0},"end":{"line":13,"column":72}},"13":{"start":{"line":14,"column":0},"end":{"line":14,"column":46}},"14":{"start":{"line":15,"column":0},"end":{"line":15,"column":23}},"15":{"start":{"line":16,"column":0},"end":{"line":16,"column":25}},"16":{"start":{"line":17,"column":0},"end":{"line":17,"column":3}},"17":{"start":{"line":18,"column":0},"end":{"line":18,"column":45}},"18":{"start":{"line":19,"column":0},"end":{"line":19,"column":1}},"29":{"start":{"line":30,"column":0},"end":{"line":30,"column":72}},"30":{"start":{"line":31,"column":0},"end":{"line":31,"column":46}},"32":{"start":{"line":33,"column":0},"end":{"line":33,"column":23}},"33":{"start":{"line":34,"column":0},"end":{"line":34,"column":40}},"34":{"start":{"line":35,"column":0},"end":{"line":35,"column":27}},"35":{"start":{"line":36,"column":0},"end":{"line":36,"column":105}},"36":{"start":{"line":37,"column":0},"end":{"line":37,"column":7}},"37":{"start":{"line":38,"column":0},"end":{"line":38,"column":5}},"38":{"start":{"line":39,"column":0},"end":{"line":39,"column":10}},"39":{"start":{"line":40,"column":0},"end":{"line":40,"column":3}},"41":{"start":{"line":42,"column":0},"end":{"line":42,"column":41}},"42":{"start":{"line":43,"column":0},"end":{"line":43,"column":46}},"43":{"start":{"line":44,"column":0},"end":{"line":44,"column":25}},"44":{"start":{"line":45,"column":0},"end":{"line":45,"column":90}},"45":{"start":{"line":46,"column":0},"end":{"line":46,"column":5}},"46":{"start":{"line":47,"column":0},"end":{"line":47,"column":3}},"47":{"start":{"line":48,"column":0},"end":{"line":48,"column":1}}},"s":{"0":1,"5":1,"12":1,"13":6,"14":6,"15":1,"16":1,"17":5,"18":5,"29":1,"30":5,"32":5,"33":2,"34":1,"35":1,"36":1,"37":1,"38":1,"39":1,"41":3,"42":5,"43":1,"44":1,"45":1,"46":1,"47":5},"branchMap":{"0":{"type":"branch","line":13,"loc":{"start":{"line":13,"column":7},"end":{"line":19,"column":1}},"locations":[{"start":{"line":13,"column":7},"end":{"line":19,"column":1}}]},"1":{"type":"branch","line":15,"loc":{"start":{"line":15,"column":22},"end":{"line":17,"column":3}},"locations":[{"start":{"line":15,"column":22},"end":{"line":17,"column":3}}]},"2":{"type":"branch","line":17,"loc":{"start":{"line":17,"column":2},"end":{"line":19,"column":1}},"locations":[{"start":{"line":17,"column":2},"end":{"line":19,"column":1}}]},"3":{"type":"branch","line":30,"loc":{"start":{"line":30,"column":7},"end":{"line":48,"column":1}},"locations":[{"start":{"line":30,"column":7},"end":{"line":48,"column":1}}]},"4":{"type":"branch","line":33,"loc":{"start":{"line":33,"column":22},"end":{"line":40,"column":3}},"locations":[{"start":{"line":33,"column":22},"end":{"line":40,"column":3}}]},"5":{"type":"branch","line":34,"loc":{"start":{"line":34,"column":39},"end":{"line":40,"column":3}},"locations":[{"start":{"line":34,"column":39},"end":{"line":40,"column":3}}]},"6":{"type":"branch","line":40,"loc":{"start":{"line":40,"column":2},"end":{"line":43,"column":45}},"locations":[{"start":{"line":40,"column":2},"end":{"line":43,"column":45}}]},"7":{"type":"branch","line":43,"loc":{"start":{"line":43,"column":45},"end":{"line":47,"column":3}},"locations":[{"start":{"line":43,"column":45},"end":{"line":47,"column":3}}]}},"b":{"0":[6],"1":[1],"2":[5],"3":[5],"4":[2],"5":[1],"6":[3],"7":[1]},"fnMap":{"0":{"name":"residualRatio","decl":{"start":{"line":13,"column":7},"end":{"line":19,"column":1}},"loc":{"start":{"line":13,"column":7},"end":{"line":19,"column":1}},"line":13},"1":{"name":"assertReconciles","decl":{"start":{"line":30,"column":7},"end":{"line":48,"column":1}},"loc":{"start":{"line":30,"column":7},"end":{"line":48,"column":1}},"line":30}},"f":{"0":6,"1":5}}
,"D:\\cost-accounting\\lib\\zod\\_shared.ts": {"path":"D:\\cost-accounting\\lib\\zod\\_shared.ts","all":false,"statementMap":{"0":{"start":{"line":1,"column":0},"end":{"line":1,"column":23}},"3":{"start":{"line":4,"column":0},"end":{"line":4,"column":64}},"6":{"start":{"line":7,"column":0},"end":{"line":7,"column":30}},"7":{"start":{"line":8,"column":0},"end":{"line":8,"column":11}},"8":{"start":{"line":9,"column":0},"end":{"line":9,"column":70}},"10":{"start":{"line":11,"column":0},"end":{"line":11,"column":52}},"11":{"start":{"line":12,"column":0},"end":{"line":12,"column":27}},"12":{"start":{"line":13,"column":0},"end":{"line":13,"column":21}},"13":{"start":{"line":14,"column":0},"end":{"line":14,"column":1}},"15":{"start":{"line":16,"column":0},"end":{"line":16,"column":50}}},"s":{"0":1,"3":1,"6":1,"7":1,"8":1,"10":1,"11":1,"12":1,"13":1,"15":1},"branchMap":{"0":{"type":"branch","line":12,"loc":{"start":{"line":12,"column":2},"end":{"line":12,"column":27}},"locations":[{"start":{"line":12,"column":2},"end":{"line":12,"column":27}}]}},"b":{"0":[5]},"fnMap":{},"f":{}}
,"D:\\cost-accounting\\lib\\zod\\allocation.ts": {"path":"D:\\cost-accounting\\lib\\zod\\allocation.ts","all":false,"statementMap":{"0":{"start":{"line":1,"column":0},"end":{"line":1,"column":23}},"4":{"start":{"line":5,"column":0},"end":{"line":5,"column":91}},"5":{"start":{"line":6,"column":0},"end":{"line":6,"column":67}},"8":{"start":{"line":9,"column":0},"end":{"line":9,"column":45}},"9":{"start":{"line":10,"column":0},"end":{"line":10,"column":20}},"10":{"start":{"line":11,"column":0},"end":{"line":11,"column":31}},"11":{"start":{"line":12,"column":0},"end":{"line":12,"column":2}},"14":{"start":{"line":15,"column":0},"end":{"line":15,"column":52}},"15":{"start":{"line":16,"column":0},"end":{"line":16,"column":21}},"16":{"start":{"line":17,"column":0},"end":{"line":17,"column":35}},"17":{"start":{"line":18,"column":0},"end":{"line":18,"column":31}},"18":{"start":{"line":19,"column":0},"end":{"line":19,"column":54}},"19":{"start":{"line":20,"column":0},"end":{"line":20,"column":2}},"21":{"start":{"line":22,"column":0},"end":{"line":22,"column":87}},"22":{"start":{"line":23,"column":0},"end":{"line":23,"column":14}},"23":{"start":{"line":24,"column":0},"end":{"line":24,"column":2}},"25":{"start":{"line":26,"column":0},"end":{"line":26,"column":52}},"26":{"start":{"line":27,"column":0},"end":{"line":27,"column":14}},"27":{"start":{"line":28,"column":0},"end":{"line":28,"column":2}}},"s":{"0":1,"4":1,"5":1,"8":1,"9":1,"10":1,"11":1,"14":1,"15":1,"16":1,"17":1,"18":1,"19":1,"21":1,"22":1,"23":1,"25":1,"26":1,"27":1},"branchMap":{},"b":{},"fnMap":{},"f":{}}
,"D:\\cost-accounting\\lib\\zod\\costEntry.ts": {"path":"D:\\cost-accounting\\lib\\zod\\costEntry.ts","all":false,"statementMap":{"0":{"start":{"line":1,"column":0},"end":{"line":1,"column":23}},"4":{"start":{"line":5,"column":0},"end":{"line":5,"column":47}},"5":{"start":{"line":6,"column":0},"end":{"line":6,"column":23}},"6":{"start":{"line":7,"column":0},"end":{"line":7,"column":21}},"7":{"start":{"line":8,"column":0},"end":{"line":8,"column":20}},"8":{"start":{"line":9,"column":0},"end":{"line":9,"column":22}},"9":{"start":{"line":10,"column":0},"end":{"line":10,"column":25}},"10":{"start":{"line":11,"column":0},"end":{"line":11,"column":24}},"11":{"start":{"line":12,"column":0},"end":{"line":12,"column":2}},"13":{"start":{"line":14,"column":0},"end":{"line":14,"column":77}},"14":{"start":{"line":15,"column":0},"end":{"line":15,"column":14}},"15":{"start":{"line":16,"column":0},"end":{"line":16,"column":2}},"17":{"start":{"line":18,"column":0},"end":{"line":18,"column":47}},"18":{"start":{"line":19,"column":0},"end":{"line":19,"column":14}},"19":{"start":{"line":20,"column":0},"end":{"line":20,"column":2}}},"s":{"0":1,"4":1,"5":1,"6":1,"7":1,"8":1,"9":1,"10":1,"11":1,"13":1,"14":1,"15":1,"17":1,"18":1,"19":1},"branchMap":{},"b":{},"fnMap":{},"f":{}}
,"D:\\cost-accounting\\lib\\zod\\master.ts": {"path":"D:\\cost-accounting\\lib\\zod\\master.ts","all":false,"statementMap":{"0":{"start":{"line":1,"column":0},"end":{"line":1,"column":23}},"4":{"start":{"line":5,"column":0},"end":{"line":5,"column":62}},"5":{"start":{"line":6,"column":0},"end":{"line":6,"column":70}},"6":{"start":{"line":7,"column":0},"end":{"line":7,"column":55}},"9":{"start":{"line":10,"column":0},"end":{"line":10,"column":50}},"10":{"start":{"line":11,"column":0},"end":{"line":11,"column":26}},"11":{"start":{"line":12,"column":0},"end":{"line":12,"column":20}},"12":{"start":{"line":13,"column":0},"end":{"line":13,"column":31}},"13":{"start":{"line":14,"column":0},"end":{"line":14,"column":2}},"15":{"start":{"line":16,"column":0},"end":{"line":16,"column":83}},"16":{"start":{"line":17,"column":0},"end":{"line":17,"column":14}},"17":{"start":{"line":18,"column":0},"end":{"line":18,"column":2}},"19":{"start":{"line":20,"column":0},"end":{"line":20,"column":65}},"22":{"start":{"line":23,"column":0},"end":{"line":23,"column":45}},"23":{"start":{"line":24,"column":0},"end":{"line":24,"column":26}},"24":{"start":{"line":25,"column":0},"end":{"line":25,"column":26}},"25":{"start":{"line":26,"column":0},"end":{"line":26,"column":21}},"26":{"start":{"line":27,"column":0},"end":{"line":27,"column":30}},"27":{"start":{"line":28,"column":0},"end":{"line":28,"column":2}},"29":{"start":{"line":30,"column":0},"end":{"line":30,"column":88}},"30":{"start":{"line":31,"column":0},"end":{"line":31,"column":60}},"33":{"start":{"line":34,"column":0},"end":{"line":34,"column":47}},"34":{"start":{"line":35,"column":0},"end":{"line":35,"column":26}},"35":{"start":{"line":36,"column":0},"end":{"line":36,"column":20}},"36":{"start":{"line":37,"column":0},"end":{"line":37,"column":26}},"37":{"start":{"line":38,"column":0},"end":{"line":38,"column":2}},"39":{"start":{"line":40,"column":0},"end":{"line":40,"column":92}},"40":{"start":{"line":41,"column":0},"end":{"line":41,"column":62}},"43":{"start":{"line":44,"column":0},"end":{"line":44,"column":50}},"44":{"start":{"line":45,"column":0},"end":{"line":45,"column":26}},"45":{"start":{"line":46,"column":0},"end":{"line":46,"column":29}},"46":{"start":{"line":47,"column":0},"end":{"line":47,"column":2}},"48":{"start":{"line":49,"column":0},"end":{"line":49,"column":98}},"49":{"start":{"line":50,"column":0},"end":{"line":50,"column":65}},"52":{"start":{"line":53,"column":0},"end":{"line":53,"column":50}},"53":{"start":{"line":54,"column":0},"end":{"line":54,"column":23}},"54":{"start":{"line":55,"column":0},"end":{"line":55,"column":20}},"55":{"start":{"line":56,"column":0},"end":{"line":56,"column":24}},"56":{"start":{"line":57,"column":0},"end":{"line":57,"column":31}},"57":{"start":{"line":58,"column":0},"end":{"line":58,"column":40}},"58":{"start":{"line":59,"column":0},"end":{"line":59,"column":2}},"60":{"start":{"line":61,"column":0},"end":{"line":61,"column":98}},"61":{"start":{"line":62,"column":0},"end":{"line":62,"column":65}}},"s":{"0":1,"4":1,"5":1,"6":1,"9":1,"10":1,"11":1,"12":1,"13":1,"15":1,"16":1,"17":1,"19":1,"22":1,"23":1,"24":1,"25":1,"26":1,"27":1,"29":1,"30":1,"33":1,"34":1,"35":1,"36":1,"37":1,"39":1,"40":1,"43":1,"44":1,"45":1,"46":1,"48":1,"49":1,"52":1,"53":1,"54":1,"55":1,"56":1,"57":1,"58":1,"60":1,"61":1},"branchMap":{},"b":{},"fnMap":{},"f":{}}
,"D:\\cost-accounting\\lib\\zod\\period.ts": {"path":"D:\\cost-accounting\\lib\\zod\\period.ts","all":false,"statementMap":{"0":{"start":{"line":1,"column":0},"end":{"line":1,"column":23}},"3":{"start":{"line":4,"column":0},"end":{"line":4,"column":43}},"4":{"start":{"line":5,"column":0},"end":{"line":5,"column":20}},"5":{"start":{"line":6,"column":0},"end":{"line":6,"column":2}}},"s":{"0":1,"3":1,"4":1,"5":1},"branchMap":{},"b":{},"fnMap":{},"f":{}}
,"D:\\cost-accounting\\lib\\zod\\transfer.ts": {"path":"D:\\cost-accounting\\lib\\zod\\transfer.ts","all":false,"statementMap":{"0":{"start":{"line":1,"column":0},"end":{"line":1,"column":23}},"3":{"start":{"line":4,"column":0},"end":{"line":4,"column":52}},"4":{"start":{"line":5,"column":0},"end":{"line":5,"column":20}},"5":{"start":{"line":6,"column":0},"end":{"line":6,"column":18}},"6":{"start":{"line":7,"column":0},"end":{"line":7,"column":27}},"7":{"start":{"line":8,"column":0},"end":{"line":8,"column":31}},"8":{"start":{"line":9,"column":0},"end":{"line":9,"column":40}},"9":{"start":{"line":10,"column":0},"end":{"line":10,"column":2}},"11":{"start":{"line":12,"column":0},"end":{"line":12,"column":87}},"12":{"start":{"line":13,"column":0},"end":{"line":13,"column":14}},"13":{"start":{"line":14,"column":0},"end":{"line":14,"column":2}},"15":{"start":{"line":16,"column":0},"end":{"line":16,"column":52}},"16":{"start":{"line":17,"column":0},"end":{"line":17,"column":14}},"17":{"start":{"line":18,"column":0},"end":{"line":18,"column":2}}},"s":{"0":1,"3":1,"4":1,"5":1,"6":1,"7":1,"8":1,"9":1,"11":1,"12":1,"13":1,"15":1,"16":1,"17":1},"branchMap":{},"b":{},"fnMap":{},"f":{}}
}
